#
# There is insufficient memory for the Java Runtime Environment to continue.
# Native memory allocation (mmap) failed to map 3145728 bytes for Failed to commit area from 0x0000000099b00000 to 0x0000000099e00000 of length 3145728.
# Possible reasons:
#   The system is out of physical RAM or swap space
#   The process is running with CompressedOops enabled, and the Java Heap may be blocking the growth of the native heap
# Possible solutions:
#   Reduce memory load on the system
#   Increase physical memory or swap space
#   Check if swap backing store is full
#   Decrease Java heap size (-Xmx/-Xms)
#   Decrease number of Java threads
#   Decrease Java thread stack sizes (-Xss)
#   Set larger code cache with -XX:ReservedCodeCacheSize=
#   JVM is running with Unscaled Compressed Oops mode in which the Java heap is
#     placed in the first 4GB address space. The Java Heap base address is the
#     maximum limit for the native heap growth. Please use -XX:HeapBaseMinAddress
#     to set the Java Heap base and to place the Java Heap above 4GB virtual address.
# This output file may be truncated or incomplete.
#
#  Out of Memory Error (./src/hotspot/os/windows/os_windows.cpp:3387), pid=15188, tid=14720
#
# JRE version: OpenJDK Runtime Environment Temurin-11.0.14.1+1 (11.0.14.1+1) (build 11.0.14.1+1)
# Java VM: OpenJDK 64-Bit Server VM Temurin-11.0.14.1+1 (11.0.14.1+1, mixed mode, tiered, compressed oops, g1 gc, windows-amd64)
# No core dump will be written. Minidumps are not enabled by default on client versions of Windows
#

---------------  S U M M A R Y ------------

Command Line: -XX:MaxGCPauseMillis=50 -agentlib:jdwp=transport=dt_shmem,address=javadebug -Dfile.encoding=UTF-8 bluej.runtime.ExecServer UTF-8

Host: Intel(R) Core(TM) i5-4210U CPU @ 1.70GHz, 4 cores, 7G,  Windows 10 , 64 bit Build 17763 (10.0.17763.1)
Time: Fri May 19 10:18:10 2023 Hora de verano central (México) elapsed time: 15.438032 seconds (0d 0h 0m 15s)

---------------  T H R E A D  ---------------

Current thread (0x000002127c215800):  JavaThread "VMCommsSimulation" [_thread_in_vm, id=14720, stack(0x000000fe45500000,0x000000fe45600000)]

Stack: [0x000000fe45500000,0x000000fe45600000]
Native frames: (J=compiled Java code, j=interpreted, Vv=VM code, C=native code)
V  [jvm.dll+0x61e59a]
V  [jvm.dll+0x7aaca9]
V  [jvm.dll+0x7ac398]
V  [jvm.dll+0x7aca73]
V  [jvm.dll+0x24f9b8]
V  [jvm.dll+0x61b83a]
V  [jvm.dll+0x6100c5]
V  [jvm.dll+0x30772c]
V  [jvm.dll+0x3075b2]
V  [jvm.dll+0x30c2d6]
V  [jvm.dll+0x35272f]
V  [jvm.dll+0x352160]
V  [jvm.dll+0x2e4f6c]
V  [jvm.dll+0x2e0de2]
V  [jvm.dll+0x5b2f62]
V  [jvm.dll+0x5b2a8a]
V  [jvm.dll+0x1f652d]
V  [jvm.dll+0x7831fb]
V  [jvm.dll+0x375b8f]
C  0x00000212639cc877

Java frames: (J=compiled Java code, j=interpreted, Vv=VM code)
j  java.awt.image.DataBufferInt.<init>(I)V+11 java.desktop@11.0.14.1
j  java.awt.image.SinglePixelPackedSampleModel.createDataBuffer()Ljava/awt/image/DataBuffer;+73 java.desktop@11.0.14.1
j  java.awt.image.Raster.createWritableRaster(Ljava/awt/image/SampleModel;Ljava/awt/Point;)Ljava/awt/image/WritableRaster;+16 java.desktop@11.0.14.1
J 1238 c2 java.awt.image.BufferedImage.getData()Ljava/awt/image/Raster; java.desktop@11.0.14.1 (119 bytes) @ 0x000002126b4f0ce8 [0x000002126b4f0c00+0x00000000000000e8]
J 1201 c2 greenfoot.vmcomm.VMCommsSimulation.doInterVMComms()V (788 bytes) @ 0x000002126b4e8204 [0x000002126b4e7ec0+0x0000000000000344]
j  greenfoot.vmcomm.VMCommsSimulation$1.run()V+4
v  ~StubRoutines::call_stub

---------------  P R O C E S S  ---------------

Threads class SMR info:
_java_thread_list=0x000002127bd5a5c0, length=23, elements={
0x000002127a11e800, 0x000002127a117800, 0x000002127aaa3800, 0x000002127a124000,
0x000002127a125000, 0x000002127a128000, 0x000002127aaf7000, 0x000002127aafc000,
0x000002127abff800, 0x000002127ac13000, 0x000002127ac14000, 0x000002127ac43800,
0x000002127b01f000, 0x000002127b186800, 0x000002127b19f000, 0x0000021259a43000,
0x000002127b411800, 0x000002127bfcc800, 0x000002127bd25800, 0x000002127c229800,
0x000002127c215800, 0x000002127c210800, 0x000002127c213000
}

Java Threads: ( => current thread )
  0x000002127a11e800 JavaThread "Reference Handler" daemon [_thread_blocked, id=3216, stack(0x000000fe43800000,0x000000fe43900000)]
  0x000002127a117800 JavaThread "Finalizer" daemon [_thread_blocked, id=13932, stack(0x000000fe43900000,0x000000fe43a00000)]
  0x000002127aaa3800 JavaThread "Signal Dispatcher" daemon [_thread_blocked, id=12776, stack(0x000000fe43a00000,0x000000fe43b00000)]
  0x000002127a124000 JavaThread "Attach Listener" daemon [_thread_blocked, id=13664, stack(0x000000fe43b00000,0x000000fe43c00000)]
  0x000002127a125000 JavaThread "Service Thread" daemon [_thread_blocked, id=14228, stack(0x000000fe43c00000,0x000000fe43d00000)]
  0x000002127a128000 JavaThread "C2 CompilerThread0" daemon [_thread_blocked, id=7952, stack(0x000000fe43d00000,0x000000fe43e00000)]
  0x000002127aaf7000 JavaThread "C1 CompilerThread0" daemon [_thread_blocked, id=12272, stack(0x000000fe43e00000,0x000000fe43f00000)]
  0x000002127aafc000 JavaThread "Sweeper thread" daemon [_thread_blocked, id=1204, stack(0x000000fe43f00000,0x000000fe44000000)]
  0x000002127abff800 JavaThread "JDWP Transport Listener: dt_shmem" daemon [_thread_blocked, id=14568, stack(0x000000fe44000000,0x000000fe44100000)]
  0x000002127ac13000 JavaThread "JDWP Event Helper Thread" daemon [_thread_blocked, id=13084, stack(0x000000fe44100000,0x000000fe44200000)]
  0x000002127ac14000 JavaThread "JDWP Command Reader" daemon [_thread_in_native, id=12248, stack(0x000000fe44200000,0x000000fe44300000)]
  0x000002127ac43800 JavaThread "Common-Cleaner" daemon [_thread_blocked, id=11304, stack(0x000000fe44400000,0x000000fe44500000)]
  0x000002127b01f000 JavaThread "Java2D Disposer" daemon [_thread_blocked, id=9624, stack(0x000000fe44500000,0x000000fe44600000)]
  0x000002127b186800 JavaThread "AWT-Windows" daemon [_thread_in_native, id=2580, stack(0x000000fe44700000,0x000000fe44800000)]
  0x000002127b19f000 JavaThread "BlueJ worker thread" [_thread_blocked, id=14976, stack(0x000000fe44900000,0x000000fe44a00000)]
  0x0000021259a43000 JavaThread "DestroyJavaVM" [_thread_blocked, id=15140, stack(0x000000fe43100000,0x000000fe43200000)]
  0x000002127b411800 JavaThread "main" [_thread_blocked, id=8844, stack(0x000000fe44d00000,0x000000fe44e00000)]
  0x000002127bfcc800 JavaThread "QuantumRenderer-0" daemon [_thread_blocked, id=11100, stack(0x000000fe44f00000,0x000000fe45000000)]
  0x000002127bd25800 JavaThread "InvokeLaterDispatcher" daemon [_thread_blocked, id=10444, stack(0x000000fe45000000,0x000000fe45100000)]
  0x000002127c229800 JavaThread "JavaFX Application Thread" [_thread_in_native, id=15280, stack(0x000000fe45100000,0x000000fe45200000)]
=>0x000002127c215800 JavaThread "VMCommsSimulation" [_thread_in_vm, id=14720, stack(0x000000fe45500000,0x000000fe45600000)]
  0x000002127c210800 JavaThread "Thread-2" daemon [_thread_in_native, id=4416, stack(0x000000fe44600000,0x000000fe44700000)]
  0x000002127c213000 JavaThread "SimulationThread" [_thread_blocked, id=12680, stack(0x000000fe45600000,0x000000fe45700000)]

Other Threads:
  0x000002127a0e9800 VMThread "VM Thread" [stack: 0x000000fe43700000,0x000000fe43800000] [id=11976]
  0x000002127ac15000 WatcherThread [stack: 0x000000fe44300000,0x000000fe44400000] [id=14204]
  0x0000021259a5b800 GCTaskThread "GC Thread#0" [stack: 0x000000fe43200000,0x000000fe43300000] [id=13444]
  0x000002127b19e000 GCTaskThread "GC Thread#1" [stack: 0x000000fe44800000,0x000000fe44900000] [id=13656]
  0x000002127b1a1800 GCTaskThread "GC Thread#2" [stack: 0x000000fe44b00000,0x000000fe44c00000] [id=12096]
  0x000002127b1b7800 GCTaskThread "GC Thread#3" [stack: 0x000000fe44c00000,0x000000fe44d00000] [id=8356]
  0x0000021259a8b800 ConcurrentGCThread "G1 Main Marker" [stack: 0x000000fe43300000,0x000000fe43400000] [id=5212]
  0x0000021259a8e000 ConcurrentGCThread "G1 Conc#0" [stack: 0x000000fe43400000,0x000000fe43500000] [id=3960]
  0x0000021279f50800 ConcurrentGCThread "G1 Refine#0" [stack: 0x000000fe43500000,0x000000fe43600000] [id=14880]
  0x0000021279f51800 ConcurrentGCThread "G1 Young RemSet Sampling" [stack: 0x000000fe43600000,0x000000fe43700000] [id=13488]

Threads with active compile tasks:

VM state:not at safepoint (normal execution)

VM Mutex/Monitor currently owned by a thread:  ([mutex/lock_event])
[0x0000021259a3df90] Heap_lock - owner thread: 0x000002127c215800

Heap address: 0x0000000081800000, size: 2024 MB, Compressed Oops mode: 32-bit
Narrow klass base: 0x0000000000000000, Narrow klass shift: 3
Compressed class space size: 1073741824 Address: 0x0000000100000000

Heap:
 garbage-first heap   total 398336K, used 390689K [0x0000000081800000, 0x0000000100000000)
  region size 1024K, 2 young (2048K), 1 survivors (1024K)
 Metaspace       used 16294K, capacity 16735K, committed 16896K, reserved 1064960K
  class space    used 1592K, capacity 1776K, committed 1792K, reserved 1048576K
Heap Regions: E=young(eden), S=young(survivor), O=old, HS=humongous(starts), HC=humongous(continues), CS=collection set, F=free, A=archive, TAMS=top-at-mark-start (previous, next)
|   0|0x0000000081800000, 0x0000000081900000, 0x0000000081900000|100%| O|  |TAMS 0x0000000081900000, 0x0000000081800000| Untracked 
|   1|0x0000000081900000, 0x00000000819f6d60, 0x0000000081a00000| 96%| O|  |TAMS 0x00000000819f6d60, 0x0000000081900000| Untracked 
|   2|0x0000000081a00000, 0x0000000081afffe8, 0x0000000081b00000| 99%| O|  |TAMS 0x0000000081afffe8, 0x0000000081a00000| Untracked 
|   3|0x0000000081b00000, 0x0000000081bfffe8, 0x0000000081c00000| 99%| O|  |TAMS 0x0000000081bfffe8, 0x0000000081b00000| Untracked 
|   4|0x0000000081c00000, 0x0000000081c71068, 0x0000000081d00000| 44%| O|  |TAMS 0x0000000081c71068, 0x0000000081c00000| Complete 
|   5|0x0000000081d00000, 0x0000000081e00000, 0x0000000081e00000|100%|HS|  |TAMS 0x0000000081e00000, 0x0000000081d00000| Complete 
|   6|0x0000000081e00000, 0x0000000081f00000, 0x0000000081f00000|100%|HC|  |TAMS 0x0000000081f00000, 0x0000000081e00000| Complete 
|   7|0x0000000081f00000, 0x0000000082000000, 0x0000000082000000|100%|HS|  |TAMS 0x0000000081f00000, 0x0000000081f00000| Complete 
|   8|0x0000000082000000, 0x0000000082100000, 0x0000000082100000|100%|HC|  |TAMS 0x0000000082000000, 0x0000000082000000| Complete 
|   9|0x0000000082100000, 0x0000000082200000, 0x0000000082200000|100%|HS|  |TAMS 0x0000000082100000, 0x0000000082100000| Complete 
|  10|0x0000000082200000, 0x0000000082300000, 0x0000000082300000|100%|HC|  |TAMS 0x0000000082200000, 0x0000000082200000| Complete 
|  11|0x0000000082300000, 0x0000000082400000, 0x0000000082400000|100%|HS|  |TAMS 0x0000000082300000, 0x0000000082300000| Complete 
|  12|0x0000000082400000, 0x0000000082500000, 0x0000000082500000|100%|HC|  |TAMS 0x0000000082400000, 0x0000000082400000| Complete 
|  13|0x0000000082500000, 0x0000000082600000, 0x0000000082600000|100%|HS|  |TAMS 0x0000000082500000, 0x0000000082500000| Complete 
|  14|0x0000000082600000, 0x0000000082700000, 0x0000000082700000|100%|HC|  |TAMS 0x0000000082600000, 0x0000000082600000| Complete 
|  15|0x0000000082700000, 0x0000000082800000, 0x0000000082800000|100%|HC|  |TAMS 0x0000000082700000, 0x0000000082700000| Complete 
|  16|0x0000000082800000, 0x0000000082816fc0, 0x0000000082900000|  8%| S|CS|TAMS 0x0000000082800000, 0x0000000082800000| Complete 
|  17|0x0000000082900000, 0x0000000082900000, 0x0000000082a00000|  0%| F|  |TAMS 0x0000000082900000, 0x0000000082900000| Untracked 
|  18|0x0000000082a00000, 0x0000000082af76d8, 0x0000000082b00000| 96%| E|  |TAMS 0x0000000082a00000, 0x0000000082a00000| Complete 
|  19|0x0000000082b00000, 0x0000000082c00000, 0x0000000082c00000|100%|HS|  |TAMS 0x0000000082b00000, 0x0000000082b00000| Complete 
|  20|0x0000000082c00000, 0x0000000082d00000, 0x0000000082d00000|100%|HC|  |TAMS 0x0000000082c00000, 0x0000000082c00000| Complete 
|  21|0x0000000082d00000, 0x0000000082e00000, 0x0000000082e00000|100%|HC|  |TAMS 0x0000000082d00000, 0x0000000082d00000| Complete 
|  22|0x0000000082e00000, 0x0000000082f00000, 0x0000000082f00000|100%|HS|  |TAMS 0x0000000082e00000, 0x0000000082e00000| Complete 
|  23|0x0000000082f00000, 0x0000000083000000, 0x0000000083000000|100%|HC|  |TAMS 0x0000000082f00000, 0x0000000082f00000| Complete 
|  24|0x0000000083000000, 0x0000000083100000, 0x0000000083100000|100%|HC|  |TAMS 0x0000000083000000, 0x0000000083000000| Complete 
|  25|0x0000000083100000, 0x0000000083200000, 0x0000000083200000|100%|HS|  |TAMS 0x0000000083100000, 0x0000000083100000| Complete 
|  26|0x0000000083200000, 0x0000000083300000, 0x0000000083300000|100%|HC|  |TAMS 0x0000000083200000, 0x0000000083200000| Complete 
|  27|0x0000000083300000, 0x0000000083400000, 0x0000000083400000|100%|HC|  |TAMS 0x0000000083300000, 0x0000000083300000| Complete 
|  28|0x0000000083400000, 0x0000000083500000, 0x0000000083500000|100%|HS|  |TAMS 0x0000000083400000, 0x0000000083400000| Complete 
|  29|0x0000000083500000, 0x0000000083600000, 0x0000000083600000|100%|HC|  |TAMS 0x0000000083500000, 0x0000000083500000| Complete 
|  30|0x0000000083600000, 0x0000000083700000, 0x0000000083700000|100%|HC|  |TAMS 0x0000000083600000, 0x0000000083600000| Complete 
|  31|0x0000000083700000, 0x0000000083800000, 0x0000000083800000|100%|HS|  |TAMS 0x0000000083700000, 0x0000000083700000| Complete 
|  32|0x0000000083800000, 0x0000000083900000, 0x0000000083900000|100%|HC|  |TAMS 0x0000000083800000, 0x0000000083800000| Complete 
|  33|0x0000000083900000, 0x0000000083a00000, 0x0000000083a00000|100%|HC|  |TAMS 0x0000000083900000, 0x0000000083900000| Complete 
|  34|0x0000000083a00000, 0x0000000083b00000, 0x0000000083b00000|100%|HS|  |TAMS 0x0000000083a00000, 0x0000000083a00000| Complete 
|  35|0x0000000083b00000, 0x0000000083c00000, 0x0000000083c00000|100%|HC|  |TAMS 0x0000000083b00000, 0x0000000083b00000| Complete 
|  36|0x0000000083c00000, 0x0000000083d00000, 0x0000000083d00000|100%|HC|  |TAMS 0x0000000083c00000, 0x0000000083c00000| Complete 
|  37|0x0000000083d00000, 0x0000000083e00000, 0x0000000083e00000|100%|HS|  |TAMS 0x0000000083d00000, 0x0000000083d00000| Complete 
|  38|0x0000000083e00000, 0x0000000083f00000, 0x0000000083f00000|100%|HC|  |TAMS 0x0000000083e00000, 0x0000000083e00000| Complete 
|  39|0x0000000083f00000, 0x0000000084000000, 0x0000000084000000|100%|HC|  |TAMS 0x0000000083f00000, 0x0000000083f00000| Complete 
|  40|0x0000000084000000, 0x0000000084100000, 0x0000000084100000|100%|HS|  |TAMS 0x0000000084000000, 0x0000000084000000| Complete 
|  41|0x0000000084100000, 0x0000000084200000, 0x0000000084200000|100%|HC|  |TAMS 0x0000000084100000, 0x0000000084100000| Complete 
|  42|0x0000000084200000, 0x0000000084300000, 0x0000000084300000|100%|HC|  |TAMS 0x0000000084200000, 0x0000000084200000| Complete 
|  43|0x0000000084300000, 0x0000000084400000, 0x0000000084400000|100%|HS|  |TAMS 0x0000000084300000, 0x0000000084300000| Complete 
|  44|0x0000000084400000, 0x0000000084500000, 0x0000000084500000|100%|HC|  |TAMS 0x0000000084400000, 0x0000000084400000| Complete 
|  45|0x0000000084500000, 0x0000000084600000, 0x0000000084600000|100%|HC|  |TAMS 0x0000000084500000, 0x0000000084500000| Complete 
|  46|0x0000000084600000, 0x0000000084700000, 0x0000000084700000|100%|HS|  |TAMS 0x0000000084600000, 0x0000000084600000| Complete 
|  47|0x0000000084700000, 0x0000000084800000, 0x0000000084800000|100%|HC|  |TAMS 0x0000000084700000, 0x0000000084700000| Complete 
|  48|0x0000000084800000, 0x0000000084900000, 0x0000000084900000|100%|HC|  |TAMS 0x0000000084800000, 0x0000000084800000| Complete 
|  49|0x0000000084900000, 0x0000000084a00000, 0x0000000084a00000|100%|HS|  |TAMS 0x0000000084900000, 0x0000000084900000| Complete 
|  50|0x0000000084a00000, 0x0000000084b00000, 0x0000000084b00000|100%|HC|  |TAMS 0x0000000084a00000, 0x0000000084a00000| Complete 
|  51|0x0000000084b00000, 0x0000000084c00000, 0x0000000084c00000|100%|HC|  |TAMS 0x0000000084b00000, 0x0000000084b00000| Complete 
|  52|0x0000000084c00000, 0x0000000084d00000, 0x0000000084d00000|100%|HS|  |TAMS 0x0000000084c00000, 0x0000000084c00000| Complete 
|  53|0x0000000084d00000, 0x0000000084e00000, 0x0000000084e00000|100%|HC|  |TAMS 0x0000000084d00000, 0x0000000084d00000| Complete 
|  54|0x0000000084e00000, 0x0000000084f00000, 0x0000000084f00000|100%|HC|  |TAMS 0x0000000084e00000, 0x0000000084e00000| Complete 
|  55|0x0000000084f00000, 0x0000000085000000, 0x0000000085000000|100%|HS|  |TAMS 0x0000000084f00000, 0x0000000084f00000| Complete 
|  56|0x0000000085000000, 0x0000000085100000, 0x0000000085100000|100%|HC|  |TAMS 0x0000000085000000, 0x0000000085000000| Complete 
|  57|0x0000000085100000, 0x0000000085200000, 0x0000000085200000|100%|HC|  |TAMS 0x0000000085100000, 0x0000000085100000| Complete 
|  58|0x0000000085200000, 0x0000000085300000, 0x0000000085300000|100%|HS|  |TAMS 0x0000000085200000, 0x0000000085200000| Complete 
|  59|0x0000000085300000, 0x0000000085400000, 0x0000000085400000|100%|HC|  |TAMS 0x0000000085300000, 0x0000000085300000| Complete 
|  60|0x0000000085400000, 0x0000000085500000, 0x0000000085500000|100%|HC|  |TAMS 0x0000000085400000, 0x0000000085400000| Complete 
|  61|0x0000000085500000, 0x0000000085600000, 0x0000000085600000|100%|HS|  |TAMS 0x0000000085500000, 0x0000000085500000| Complete 
|  62|0x0000000085600000, 0x0000000085700000, 0x0000000085700000|100%|HC|  |TAMS 0x0000000085600000, 0x0000000085600000| Complete 
|  63|0x0000000085700000, 0x0000000085800000, 0x0000000085800000|100%|HC|  |TAMS 0x0000000085700000, 0x0000000085700000| Complete 
|  64|0x0000000085800000, 0x0000000085900000, 0x0000000085900000|100%|HS|  |TAMS 0x0000000085800000, 0x0000000085800000| Complete 
|  65|0x0000000085900000, 0x0000000085a00000, 0x0000000085a00000|100%|HC|  |TAMS 0x0000000085900000, 0x0000000085900000| Complete 
|  66|0x0000000085a00000, 0x0000000085b00000, 0x0000000085b00000|100%|HC|  |TAMS 0x0000000085a00000, 0x0000000085a00000| Complete 
|  67|0x0000000085b00000, 0x0000000085c00000, 0x0000000085c00000|100%|HS|  |TAMS 0x0000000085b00000, 0x0000000085b00000| Complete 
|  68|0x0000000085c00000, 0x0000000085d00000, 0x0000000085d00000|100%|HC|  |TAMS 0x0000000085c00000, 0x0000000085c00000| Complete 
|  69|0x0000000085d00000, 0x0000000085e00000, 0x0000000085e00000|100%|HC|  |TAMS 0x0000000085d00000, 0x0000000085d00000| Complete 
|  70|0x0000000085e00000, 0x0000000085f00000, 0x0000000085f00000|100%|HS|  |TAMS 0x0000000085e00000, 0x0000000085e00000| Complete 
|  71|0x0000000085f00000, 0x0000000086000000, 0x0000000086000000|100%|HC|  |TAMS 0x0000000085f00000, 0x0000000085f00000| Complete 
|  72|0x0000000086000000, 0x0000000086100000, 0x0000000086100000|100%|HC|  |TAMS 0x0000000086000000, 0x0000000086000000| Complete 
|  73|0x0000000086100000, 0x0000000086200000, 0x0000000086200000|100%|HS|  |TAMS 0x0000000086100000, 0x0000000086100000| Complete 
|  74|0x0000000086200000, 0x0000000086300000, 0x0000000086300000|100%|HC|  |TAMS 0x0000000086200000, 0x0000000086200000| Complete 
|  75|0x0000000086300000, 0x0000000086400000, 0x0000000086400000|100%|HC|  |TAMS 0x0000000086300000, 0x0000000086300000| Complete 
|  76|0x0000000086400000, 0x0000000086500000, 0x0000000086500000|100%|HS|  |TAMS 0x0000000086400000, 0x0000000086400000| Complete 
|  77|0x0000000086500000, 0x0000000086600000, 0x0000000086600000|100%|HC|  |TAMS 0x0000000086500000, 0x0000000086500000| Complete 
|  78|0x0000000086600000, 0x0000000086700000, 0x0000000086700000|100%|HC|  |TAMS 0x0000000086600000, 0x0000000086600000| Complete 
|  79|0x0000000086700000, 0x0000000086800000, 0x0000000086800000|100%|HS|  |TAMS 0x0000000086700000, 0x0000000086700000| Complete 
|  80|0x0000000086800000, 0x0000000086900000, 0x0000000086900000|100%|HC|  |TAMS 0x0000000086800000, 0x0000000086800000| Complete 
|  81|0x0000000086900000, 0x0000000086a00000, 0x0000000086a00000|100%|HC|  |TAMS 0x0000000086900000, 0x0000000086900000| Complete 
|  82|0x0000000086a00000, 0x0000000086b00000, 0x0000000086b00000|100%|HS|  |TAMS 0x0000000086a00000, 0x0000000086a00000| Complete 
|  83|0x0000000086b00000, 0x0000000086c00000, 0x0000000086c00000|100%|HC|  |TAMS 0x0000000086b00000, 0x0000000086b00000| Complete 
|  84|0x0000000086c00000, 0x0000000086d00000, 0x0000000086d00000|100%|HC|  |TAMS 0x0000000086c00000, 0x0000000086c00000| Complete 
|  85|0x0000000086d00000, 0x0000000086e00000, 0x0000000086e00000|100%|HS|  |TAMS 0x0000000086d00000, 0x0000000086d00000| Complete 
|  86|0x0000000086e00000, 0x0000000086f00000, 0x0000000086f00000|100%|HC|  |TAMS 0x0000000086e00000, 0x0000000086e00000| Complete 
|  87|0x0000000086f00000, 0x0000000087000000, 0x0000000087000000|100%|HC|  |TAMS 0x0000000086f00000, 0x0000000086f00000| Complete 
|  88|0x0000000087000000, 0x0000000087100000, 0x0000000087100000|100%|HS|  |TAMS 0x0000000087000000, 0x0000000087000000| Complete 
|  89|0x0000000087100000, 0x0000000087200000, 0x0000000087200000|100%|HC|  |TAMS 0x0000000087100000, 0x0000000087100000| Complete 
|  90|0x0000000087200000, 0x0000000087300000, 0x0000000087300000|100%|HC|  |TAMS 0x0000000087200000, 0x0000000087200000| Complete 
|  91|0x0000000087300000, 0x0000000087400000, 0x0000000087400000|100%|HS|  |TAMS 0x0000000087300000, 0x0000000087300000| Complete 
|  92|0x0000000087400000, 0x0000000087500000, 0x0000000087500000|100%|HC|  |TAMS 0x0000000087400000, 0x0000000087400000| Complete 
|  93|0x0000000087500000, 0x0000000087600000, 0x0000000087600000|100%|HC|  |TAMS 0x0000000087500000, 0x0000000087500000| Complete 
|  94|0x0000000087600000, 0x0000000087700000, 0x0000000087700000|100%|HS|  |TAMS 0x0000000087600000, 0x0000000087600000| Complete 
|  95|0x0000000087700000, 0x0000000087800000, 0x0000000087800000|100%|HC|  |TAMS 0x0000000087700000, 0x0000000087700000| Complete 
|  96|0x0000000087800000, 0x0000000087900000, 0x0000000087900000|100%|HC|  |TAMS 0x0000000087800000, 0x0000000087800000| Complete 
|  97|0x0000000087900000, 0x0000000087a00000, 0x0000000087a00000|100%|HS|  |TAMS 0x0000000087900000, 0x0000000087900000| Complete 
|  98|0x0000000087a00000, 0x0000000087b00000, 0x0000000087b00000|100%|HC|  |TAMS 0x0000000087a00000, 0x0000000087a00000| Complete 
|  99|0x0000000087b00000, 0x0000000087c00000, 0x0000000087c00000|100%|HC|  |TAMS 0x0000000087b00000, 0x0000000087b00000| Complete 
| 100|0x0000000087c00000, 0x0000000087d00000, 0x0000000087d00000|100%|HS|  |TAMS 0x0000000087c00000, 0x0000000087c00000| Complete 
| 101|0x0000000087d00000, 0x0000000087e00000, 0x0000000087e00000|100%|HC|  |TAMS 0x0000000087d00000, 0x0000000087d00000| Complete 
| 102|0x0000000087e00000, 0x0000000087f00000, 0x0000000087f00000|100%|HC|  |TAMS 0x0000000087e00000, 0x0000000087e00000| Complete 
| 103|0x0000000087f00000, 0x0000000088000000, 0x0000000088000000|100%|HS|  |TAMS 0x0000000087f00000, 0x0000000087f00000| Complete 
| 104|0x0000000088000000, 0x0000000088100000, 0x0000000088100000|100%|HC|  |TAMS 0x0000000088000000, 0x0000000088000000| Complete 
| 105|0x0000000088100000, 0x0000000088200000, 0x0000000088200000|100%|HC|  |TAMS 0x0000000088100000, 0x0000000088100000| Complete 
| 106|0x0000000088200000, 0x0000000088300000, 0x0000000088300000|100%|HS|  |TAMS 0x0000000088200000, 0x0000000088200000| Complete 
| 107|0x0000000088300000, 0x0000000088400000, 0x0000000088400000|100%|HC|  |TAMS 0x0000000088300000, 0x0000000088300000| Complete 
| 108|0x0000000088400000, 0x0000000088500000, 0x0000000088500000|100%|HC|  |TAMS 0x0000000088400000, 0x0000000088400000| Complete 
| 109|0x0000000088500000, 0x0000000088600000, 0x0000000088600000|100%|HS|  |TAMS 0x0000000088500000, 0x0000000088500000| Complete 
| 110|0x0000000088600000, 0x0000000088700000, 0x0000000088700000|100%|HC|  |TAMS 0x0000000088600000, 0x0000000088600000| Complete 
| 111|0x0000000088700000, 0x0000000088800000, 0x0000000088800000|100%|HC|  |TAMS 0x0000000088700000, 0x0000000088700000| Complete 
| 112|0x0000000088800000, 0x0000000088900000, 0x0000000088900000|100%|HS|  |TAMS 0x0000000088800000, 0x0000000088800000| Complete 
| 113|0x0000000088900000, 0x0000000088a00000, 0x0000000088a00000|100%|HC|  |TAMS 0x0000000088900000, 0x0000000088900000| Complete 
| 114|0x0000000088a00000, 0x0000000088b00000, 0x0000000088b00000|100%|HC|  |TAMS 0x0000000088a00000, 0x0000000088a00000| Complete 
| 115|0x0000000088b00000, 0x0000000088c00000, 0x0000000088c00000|100%|HS|  |TAMS 0x0000000088b00000, 0x0000000088b00000| Complete 
| 116|0x0000000088c00000, 0x0000000088d00000, 0x0000000088d00000|100%|HC|  |TAMS 0x0000000088c00000, 0x0000000088c00000| Complete 
| 117|0x0000000088d00000, 0x0000000088e00000, 0x0000000088e00000|100%|HC|  |TAMS 0x0000000088d00000, 0x0000000088d00000| Complete 
| 118|0x0000000088e00000, 0x0000000088f00000, 0x0000000088f00000|100%|HS|  |TAMS 0x0000000088e00000, 0x0000000088e00000| Complete 
| 119|0x0000000088f00000, 0x0000000089000000, 0x0000000089000000|100%|HC|  |TAMS 0x0000000088f00000, 0x0000000088f00000| Complete 
| 120|0x0000000089000000, 0x0000000089100000, 0x0000000089100000|100%|HC|  |TAMS 0x0000000089000000, 0x0000000089000000| Complete 
| 122|0x0000000089200000, 0x0000000089209950, 0x0000000089300000|  3%| O|  |TAMS 0x0000000089209950, 0x0000000089200000| Complete 
| 123|0x0000000089300000, 0x0000000089400000, 0x0000000089400000|100%|HS|  |TAMS 0x0000000089300000, 0x0000000089300000| Complete 
| 124|0x0000000089400000, 0x0000000089500000, 0x0000000089500000|100%|HC|  |TAMS 0x0000000089400000, 0x0000000089400000| Complete 
| 125|0x0000000089500000, 0x0000000089600000, 0x0000000089600000|100%|HC|  |TAMS 0x0000000089500000, 0x0000000089500000| Complete 
| 126|0x0000000089600000, 0x0000000089700000, 0x0000000089700000|100%|HS|  |TAMS 0x0000000089600000, 0x0000000089600000| Complete 
| 127|0x0000000089700000, 0x0000000089800000, 0x0000000089800000|100%|HC|  |TAMS 0x0000000089700000, 0x0000000089700000| Complete 
| 128|0x0000000089800000, 0x0000000089900000, 0x0000000089900000|100%|HC|  |TAMS 0x0000000089800000, 0x0000000089800000| Complete 
| 129|0x0000000089900000, 0x0000000089a00000, 0x0000000089a00000|100%|HS|  |TAMS 0x0000000089900000, 0x0000000089900000| Complete 
| 130|0x0000000089a00000, 0x0000000089b00000, 0x0000000089b00000|100%|HC|  |TAMS 0x0000000089a00000, 0x0000000089a00000| Complete 
| 131|0x0000000089b00000, 0x0000000089c00000, 0x0000000089c00000|100%|HC|  |TAMS 0x0000000089b00000, 0x0000000089b00000| Complete 
| 132|0x0000000089c00000, 0x0000000089d00000, 0x0000000089d00000|100%|HS|  |TAMS 0x0000000089c00000, 0x0000000089c00000| Complete 
| 133|0x0000000089d00000, 0x0000000089e00000, 0x0000000089e00000|100%|HC|  |TAMS 0x0000000089d00000, 0x0000000089d00000| Complete 
| 134|0x0000000089e00000, 0x0000000089f00000, 0x0000000089f00000|100%|HC|  |TAMS 0x0000000089e00000, 0x0000000089e00000| Complete 
| 135|0x0000000089f00000, 0x000000008a000000, 0x000000008a000000|100%|HS|  |TAMS 0x0000000089f00000, 0x0000000089f00000| Complete 
| 136|0x000000008a000000, 0x000000008a100000, 0x000000008a100000|100%|HC|  |TAMS 0x000000008a000000, 0x000000008a000000| Complete 
| 137|0x000000008a100000, 0x000000008a200000, 0x000000008a200000|100%|HC|  |TAMS 0x000000008a100000, 0x000000008a100000| Complete 
| 138|0x000000008a200000, 0x000000008a300000, 0x000000008a300000|100%|HS|  |TAMS 0x000000008a200000, 0x000000008a200000| Complete 
| 139|0x000000008a300000, 0x000000008a400000, 0x000000008a400000|100%|HC|  |TAMS 0x000000008a300000, 0x000000008a300000| Complete 
| 140|0x000000008a400000, 0x000000008a500000, 0x000000008a500000|100%|HC|  |TAMS 0x000000008a400000, 0x000000008a400000| Complete 
| 141|0x000000008a500000, 0x000000008a600000, 0x000000008a600000|100%|HS|  |TAMS 0x000000008a500000, 0x000000008a500000| Complete 
| 142|0x000000008a600000, 0x000000008a700000, 0x000000008a700000|100%|HC|  |TAMS 0x000000008a600000, 0x000000008a600000| Complete 
| 143|0x000000008a700000, 0x000000008a800000, 0x000000008a800000|100%|HC|  |TAMS 0x000000008a700000, 0x000000008a700000| Complete 
| 144|0x000000008a800000, 0x000000008a900000, 0x000000008a900000|100%|HS|  |TAMS 0x000000008a800000, 0x000000008a800000| Complete 
| 145|0x000000008a900000, 0x000000008aa00000, 0x000000008aa00000|100%|HC|  |TAMS 0x000000008a900000, 0x000000008a900000| Complete 
| 146|0x000000008aa00000, 0x000000008ab00000, 0x000000008ab00000|100%|HC|  |TAMS 0x000000008aa00000, 0x000000008aa00000| Complete 
| 147|0x000000008ab00000, 0x000000008ac00000, 0x000000008ac00000|100%|HS|  |TAMS 0x000000008ab00000, 0x000000008ab00000| Complete 
| 148|0x000000008ac00000, 0x000000008ad00000, 0x000000008ad00000|100%|HC|  |TAMS 0x000000008ac00000, 0x000000008ac00000| Complete 
| 149|0x000000008ad00000, 0x000000008ae00000, 0x000000008ae00000|100%|HC|  |TAMS 0x000000008ad00000, 0x000000008ad00000| Complete 
| 150|0x000000008ae00000, 0x000000008af00000, 0x000000008af00000|100%|HS|  |TAMS 0x000000008ae00000, 0x000000008ae00000| Complete 
| 151|0x000000008af00000, 0x000000008b000000, 0x000000008b000000|100%|HC|  |TAMS 0x000000008af00000, 0x000000008af00000| Complete 
| 152|0x000000008b000000, 0x000000008b100000, 0x000000008b100000|100%|HC|  |TAMS 0x000000008b000000, 0x000000008b000000| Complete 
| 153|0x000000008b100000, 0x000000008b200000, 0x000000008b200000|100%|HS|  |TAMS 0x000000008b100000, 0x000000008b100000| Complete 
| 154|0x000000008b200000, 0x000000008b300000, 0x000000008b300000|100%|HC|  |TAMS 0x000000008b200000, 0x000000008b200000| Complete 
| 155|0x000000008b300000, 0x000000008b400000, 0x000000008b400000|100%|HC|  |TAMS 0x000000008b300000, 0x000000008b300000| Complete 
| 156|0x000000008b400000, 0x000000008b500000, 0x000000008b500000|100%|HS|  |TAMS 0x000000008b400000, 0x000000008b400000| Complete 
| 157|0x000000008b500000, 0x000000008b600000, 0x000000008b600000|100%|HC|  |TAMS 0x000000008b500000, 0x000000008b500000| Complete 
| 158|0x000000008b600000, 0x000000008b700000, 0x000000008b700000|100%|HC|  |TAMS 0x000000008b600000, 0x000000008b600000| Complete 
| 159|0x000000008b700000, 0x000000008b800000, 0x000000008b800000|100%|HS|  |TAMS 0x000000008b700000, 0x000000008b700000| Complete 
| 160|0x000000008b800000, 0x000000008b900000, 0x000000008b900000|100%|HC|  |TAMS 0x000000008b800000, 0x000000008b800000| Complete 
| 161|0x000000008b900000, 0x000000008ba00000, 0x000000008ba00000|100%|HC|  |TAMS 0x000000008b900000, 0x000000008b900000| Complete 
| 162|0x000000008ba00000, 0x000000008bb00000, 0x000000008bb00000|100%|HS|  |TAMS 0x000000008ba00000, 0x000000008ba00000| Complete 
| 163|0x000000008bb00000, 0x000000008bc00000, 0x000000008bc00000|100%|HC|  |TAMS 0x000000008bb00000, 0x000000008bb00000| Complete 
| 164|0x000000008bc00000, 0x000000008bd00000, 0x000000008bd00000|100%|HC|  |TAMS 0x000000008bc00000, 0x000000008bc00000| Complete 
| 165|0x000000008bd00000, 0x000000008be00000, 0x000000008be00000|100%|HS|  |TAMS 0x000000008bd00000, 0x000000008bd00000| Complete 
| 166|0x000000008be00000, 0x000000008bf00000, 0x000000008bf00000|100%|HC|  |TAMS 0x000000008be00000, 0x000000008be00000| Complete 
| 167|0x000000008bf00000, 0x000000008c000000, 0x000000008c000000|100%|HC|  |TAMS 0x000000008bf00000, 0x000000008bf00000| Complete 
| 168|0x000000008c000000, 0x000000008c100000, 0x000000008c100000|100%|HS|  |TAMS 0x000000008c000000, 0x000000008c000000| Complete 
| 169|0x000000008c100000, 0x000000008c200000, 0x000000008c200000|100%|HC|  |TAMS 0x000000008c100000, 0x000000008c100000| Complete 
| 170|0x000000008c200000, 0x000000008c300000, 0x000000008c300000|100%|HC|  |TAMS 0x000000008c200000, 0x000000008c200000| Complete 
| 171|0x000000008c300000, 0x000000008c400000, 0x000000008c400000|100%|HS|  |TAMS 0x000000008c300000, 0x000000008c300000| Complete 
| 172|0x000000008c400000, 0x000000008c500000, 0x000000008c500000|100%|HC|  |TAMS 0x000000008c400000, 0x000000008c400000| Complete 
| 173|0x000000008c500000, 0x000000008c600000, 0x000000008c600000|100%|HC|  |TAMS 0x000000008c500000, 0x000000008c500000| Complete 
| 174|0x000000008c600000, 0x000000008c700000, 0x000000008c700000|100%|HS|  |TAMS 0x000000008c600000, 0x000000008c600000| Complete 
| 175|0x000000008c700000, 0x000000008c800000, 0x000000008c800000|100%|HC|  |TAMS 0x000000008c700000, 0x000000008c700000| Complete 
| 176|0x000000008c800000, 0x000000008c900000, 0x000000008c900000|100%|HC|  |TAMS 0x000000008c800000, 0x000000008c800000| Complete 
| 177|0x000000008c900000, 0x000000008ca00000, 0x000000008ca00000|100%|HS|  |TAMS 0x000000008c900000, 0x000000008c900000| Complete 
| 178|0x000000008ca00000, 0x000000008cb00000, 0x000000008cb00000|100%|HC|  |TAMS 0x000000008ca00000, 0x000000008ca00000| Complete 
| 179|0x000000008cb00000, 0x000000008cc00000, 0x000000008cc00000|100%|HC|  |TAMS 0x000000008cb00000, 0x000000008cb00000| Complete 
| 180|0x000000008cc00000, 0x000000008cd00000, 0x000000008cd00000|100%|HS|  |TAMS 0x000000008cc00000, 0x000000008cc00000| Complete 
| 181|0x000000008cd00000, 0x000000008ce00000, 0x000000008ce00000|100%|HC|  |TAMS 0x000000008cd00000, 0x000000008cd00000| Complete 
| 182|0x000000008ce00000, 0x000000008cf00000, 0x000000008cf00000|100%|HC|  |TAMS 0x000000008ce00000, 0x000000008ce00000| Complete 
| 183|0x000000008cf00000, 0x000000008d000000, 0x000000008d000000|100%|HS|  |TAMS 0x000000008cf00000, 0x000000008cf00000| Complete 
| 184|0x000000008d000000, 0x000000008d100000, 0x000000008d100000|100%|HC|  |TAMS 0x000000008d000000, 0x000000008d000000| Complete 
| 185|0x000000008d100000, 0x000000008d200000, 0x000000008d200000|100%|HC|  |TAMS 0x000000008d100000, 0x000000008d100000| Complete 
| 186|0x000000008d200000, 0x000000008d300000, 0x000000008d300000|100%|HS|  |TAMS 0x000000008d200000, 0x000000008d200000| Complete 
| 187|0x000000008d300000, 0x000000008d400000, 0x000000008d400000|100%|HC|  |TAMS 0x000000008d300000, 0x000000008d300000| Complete 
| 188|0x000000008d400000, 0x000000008d500000, 0x000000008d500000|100%|HC|  |TAMS 0x000000008d400000, 0x000000008d400000| Complete 
| 189|0x000000008d500000, 0x000000008d600000, 0x000000008d600000|100%|HS|  |TAMS 0x000000008d500000, 0x000000008d500000| Complete 
| 190|0x000000008d600000, 0x000000008d700000, 0x000000008d700000|100%|HC|  |TAMS 0x000000008d600000, 0x000000008d600000| Complete 
| 191|0x000000008d700000, 0x000000008d800000, 0x000000008d800000|100%|HC|  |TAMS 0x000000008d700000, 0x000000008d700000| Complete 
| 192|0x000000008d800000, 0x000000008d900000, 0x000000008d900000|100%|HS|  |TAMS 0x000000008d800000, 0x000000008d800000| Complete 
| 193|0x000000008d900000, 0x000000008da00000, 0x000000008da00000|100%|HC|  |TAMS 0x000000008d900000, 0x000000008d900000| Complete 
| 194|0x000000008da00000, 0x000000008db00000, 0x000000008db00000|100%|HC|  |TAMS 0x000000008da00000, 0x000000008da00000| Complete 
| 195|0x000000008db00000, 0x000000008dc00000, 0x000000008dc00000|100%|HS|  |TAMS 0x000000008db00000, 0x000000008db00000| Complete 
| 196|0x000000008dc00000, 0x000000008dd00000, 0x000000008dd00000|100%|HC|  |TAMS 0x000000008dc00000, 0x000000008dc00000| Complete 
| 197|0x000000008dd00000, 0x000000008de00000, 0x000000008de00000|100%|HC|  |TAMS 0x000000008dd00000, 0x000000008dd00000| Complete 
| 198|0x000000008de00000, 0x000000008df00000, 0x000000008df00000|100%|HS|  |TAMS 0x000000008de00000, 0x000000008de00000| Complete 
| 199|0x000000008df00000, 0x000000008e000000, 0x000000008e000000|100%|HC|  |TAMS 0x000000008df00000, 0x000000008df00000| Complete 
| 200|0x000000008e000000, 0x000000008e100000, 0x000000008e100000|100%|HC|  |TAMS 0x000000008e000000, 0x000000008e000000| Complete 
| 201|0x000000008e100000, 0x000000008e200000, 0x000000008e200000|100%|HS|  |TAMS 0x000000008e100000, 0x000000008e100000| Complete 
| 202|0x000000008e200000, 0x000000008e300000, 0x000000008e300000|100%|HC|  |TAMS 0x000000008e200000, 0x000000008e200000| Complete 
| 203|0x000000008e300000, 0x000000008e400000, 0x000000008e400000|100%|HC|  |TAMS 0x000000008e300000, 0x000000008e300000| Complete 
| 204|0x000000008e400000, 0x000000008e500000, 0x000000008e500000|100%|HS|  |TAMS 0x000000008e400000, 0x000000008e400000| Complete 
| 205|0x000000008e500000, 0x000000008e600000, 0x000000008e600000|100%|HC|  |TAMS 0x000000008e500000, 0x000000008e500000| Complete 
| 206|0x000000008e600000, 0x000000008e700000, 0x000000008e700000|100%|HC|  |TAMS 0x000000008e600000, 0x000000008e600000| Complete 
| 207|0x000000008e700000, 0x000000008e800000, 0x000000008e800000|100%|HS|  |TAMS 0x000000008e700000, 0x000000008e700000| Complete 
| 208|0x000000008e800000, 0x000000008e900000, 0x000000008e900000|100%|HC|  |TAMS 0x000000008e800000, 0x000000008e800000| Complete 
| 209|0x000000008e900000, 0x000000008ea00000, 0x000000008ea00000|100%|HC|  |TAMS 0x000000008e900000, 0x000000008e900000| Complete 
| 210|0x000000008ea00000, 0x000000008eb00000, 0x000000008eb00000|100%|HS|  |TAMS 0x000000008ea00000, 0x000000008ea00000| Complete 
| 211|0x000000008eb00000, 0x000000008ec00000, 0x000000008ec00000|100%|HC|  |TAMS 0x000000008eb00000, 0x000000008eb00000| Complete 
| 212|0x000000008ec00000, 0x000000008ed00000, 0x000000008ed00000|100%|HC|  |TAMS 0x000000008ec00000, 0x000000008ec00000| Complete 
| 213|0x000000008ed00000, 0x000000008ee00000, 0x000000008ee00000|100%|HS|  |TAMS 0x000000008ed00000, 0x000000008ed00000| Complete 
| 214|0x000000008ee00000, 0x000000008ef00000, 0x000000008ef00000|100%|HC|  |TAMS 0x000000008ee00000, 0x000000008ee00000| Complete 
| 215|0x000000008ef00000, 0x000000008f000000, 0x000000008f000000|100%|HC|  |TAMS 0x000000008ef00000, 0x000000008ef00000| Complete 
| 216|0x000000008f000000, 0x000000008f100000, 0x000000008f100000|100%|HS|  |TAMS 0x000000008f000000, 0x000000008f000000| Complete 
| 217|0x000000008f100000, 0x000000008f200000, 0x000000008f200000|100%|HC|  |TAMS 0x000000008f100000, 0x000000008f100000| Complete 
| 218|0x000000008f200000, 0x000000008f300000, 0x000000008f300000|100%|HC|  |TAMS 0x000000008f200000, 0x000000008f200000| Complete 
| 219|0x000000008f300000, 0x000000008f400000, 0x000000008f400000|100%|HS|  |TAMS 0x000000008f300000, 0x000000008f300000| Complete 
| 220|0x000000008f400000, 0x000000008f500000, 0x000000008f500000|100%|HC|  |TAMS 0x000000008f400000, 0x000000008f400000| Complete 
| 221|0x000000008f500000, 0x000000008f600000, 0x000000008f600000|100%|HC|  |TAMS 0x000000008f500000, 0x000000008f500000| Complete 
| 222|0x000000008f600000, 0x000000008f700000, 0x000000008f700000|100%|HS|  |TAMS 0x000000008f600000, 0x000000008f600000| Complete 
| 223|0x000000008f700000, 0x000000008f800000, 0x000000008f800000|100%|HC|  |TAMS 0x000000008f700000, 0x000000008f700000| Complete 
| 224|0x000000008f800000, 0x000000008f900000, 0x000000008f900000|100%|HC|  |TAMS 0x000000008f800000, 0x000000008f800000| Complete 
| 225|0x000000008f900000, 0x000000008fa00000, 0x000000008fa00000|100%|HS|  |TAMS 0x000000008f900000, 0x000000008f900000| Complete 
| 226|0x000000008fa00000, 0x000000008fb00000, 0x000000008fb00000|100%|HC|  |TAMS 0x000000008fa00000, 0x000000008fa00000| Complete 
| 227|0x000000008fb00000, 0x000000008fc00000, 0x000000008fc00000|100%|HC|  |TAMS 0x000000008fb00000, 0x000000008fb00000| Complete 
| 228|0x000000008fc00000, 0x000000008fd00000, 0x000000008fd00000|100%|HS|  |TAMS 0x000000008fc00000, 0x000000008fc00000| Complete 
| 229|0x000000008fd00000, 0x000000008fe00000, 0x000000008fe00000|100%|HC|  |TAMS 0x000000008fd00000, 0x000000008fd00000| Complete 
| 230|0x000000008fe00000, 0x000000008ff00000, 0x000000008ff00000|100%|HC|  |TAMS 0x000000008fe00000, 0x000000008fe00000| Complete 
| 231|0x000000008ff00000, 0x0000000090000000, 0x0000000090000000|100%|HS|  |TAMS 0x000000008ff00000, 0x000000008ff00000| Complete 
| 232|0x0000000090000000, 0x0000000090100000, 0x0000000090100000|100%|HC|  |TAMS 0x0000000090000000, 0x0000000090000000| Complete 
| 233|0x0000000090100000, 0x0000000090200000, 0x0000000090200000|100%|HC|  |TAMS 0x0000000090100000, 0x0000000090100000| Complete 
| 234|0x0000000090200000, 0x0000000090300000, 0x0000000090300000|100%|HS|  |TAMS 0x0000000090200000, 0x0000000090200000| Complete 
| 235|0x0000000090300000, 0x0000000090400000, 0x0000000090400000|100%|HC|  |TAMS 0x0000000090300000, 0x0000000090300000| Complete 
| 236|0x0000000090400000, 0x0000000090500000, 0x0000000090500000|100%|HC|  |TAMS 0x0000000090400000, 0x0000000090400000| Complete 
| 237|0x0000000090500000, 0x0000000090600000, 0x0000000090600000|100%|HS|  |TAMS 0x0000000090500000, 0x0000000090500000| Complete 
| 238|0x0000000090600000, 0x0000000090700000, 0x0000000090700000|100%|HC|  |TAMS 0x0000000090600000, 0x0000000090600000| Complete 
| 239|0x0000000090700000, 0x0000000090800000, 0x0000000090800000|100%|HC|  |TAMS 0x0000000090700000, 0x0000000090700000| Complete 
| 240|0x0000000090800000, 0x0000000090900000, 0x0000000090900000|100%|HS|  |TAMS 0x0000000090800000, 0x0000000090800000| Complete 
| 241|0x0000000090900000, 0x0000000090a00000, 0x0000000090a00000|100%|HC|  |TAMS 0x0000000090900000, 0x0000000090900000| Complete 
| 242|0x0000000090a00000, 0x0000000090b00000, 0x0000000090b00000|100%|HC|  |TAMS 0x0000000090a00000, 0x0000000090a00000| Complete 
| 243|0x0000000090b00000, 0x0000000090c00000, 0x0000000090c00000|100%|HS|  |TAMS 0x0000000090b00000, 0x0000000090b00000| Complete 
| 244|0x0000000090c00000, 0x0000000090d00000, 0x0000000090d00000|100%|HC|  |TAMS 0x0000000090c00000, 0x0000000090c00000| Complete 
| 245|0x0000000090d00000, 0x0000000090e00000, 0x0000000090e00000|100%|HC|  |TAMS 0x0000000090d00000, 0x0000000090d00000| Complete 
| 246|0x0000000090e00000, 0x0000000090f00000, 0x0000000090f00000|100%|HS|  |TAMS 0x0000000090e00000, 0x0000000090e00000| Complete 
| 247|0x0000000090f00000, 0x0000000091000000, 0x0000000091000000|100%|HC|  |TAMS 0x0000000090f00000, 0x0000000090f00000| Complete 
| 248|0x0000000091000000, 0x0000000091100000, 0x0000000091100000|100%|HC|  |TAMS 0x0000000091000000, 0x0000000091000000| Complete 
| 249|0x0000000091100000, 0x0000000091200000, 0x0000000091200000|100%|HS|  |TAMS 0x0000000091100000, 0x0000000091100000| Complete 
| 250|0x0000000091200000, 0x0000000091300000, 0x0000000091300000|100%|HC|  |TAMS 0x0000000091200000, 0x0000000091200000| Complete 
| 251|0x0000000091300000, 0x0000000091400000, 0x0000000091400000|100%|HC|  |TAMS 0x0000000091300000, 0x0000000091300000| Complete 
| 252|0x0000000091400000, 0x0000000091500000, 0x0000000091500000|100%|HS|  |TAMS 0x0000000091400000, 0x0000000091400000| Complete 
| 253|0x0000000091500000, 0x0000000091600000, 0x0000000091600000|100%|HC|  |TAMS 0x0000000091500000, 0x0000000091500000| Complete 
| 254|0x0000000091600000, 0x0000000091700000, 0x0000000091700000|100%|HC|  |TAMS 0x0000000091600000, 0x0000000091600000| Complete 
| 255|0x0000000091700000, 0x0000000091800000, 0x0000000091800000|100%|HS|  |TAMS 0x0000000091700000, 0x0000000091700000| Complete 
| 256|0x0000000091800000, 0x0000000091900000, 0x0000000091900000|100%|HC|  |TAMS 0x0000000091800000, 0x0000000091800000| Complete 
| 257|0x0000000091900000, 0x0000000091a00000, 0x0000000091a00000|100%|HC|  |TAMS 0x0000000091900000, 0x0000000091900000| Complete 
| 258|0x0000000091a00000, 0x0000000091b00000, 0x0000000091b00000|100%|HS|  |TAMS 0x0000000091a00000, 0x0000000091a00000| Complete 
| 259|0x0000000091b00000, 0x0000000091c00000, 0x0000000091c00000|100%|HC|  |TAMS 0x0000000091b00000, 0x0000000091b00000| Complete 
| 260|0x0000000091c00000, 0x0000000091d00000, 0x0000000091d00000|100%|HC|  |TAMS 0x0000000091c00000, 0x0000000091c00000| Complete 
| 261|0x0000000091d00000, 0x0000000091e00000, 0x0000000091e00000|100%|HS|  |TAMS 0x0000000091d00000, 0x0000000091d00000| Complete 
| 262|0x0000000091e00000, 0x0000000091f00000, 0x0000000091f00000|100%|HC|  |TAMS 0x0000000091e00000, 0x0000000091e00000| Complete 
| 263|0x0000000091f00000, 0x0000000092000000, 0x0000000092000000|100%|HC|  |TAMS 0x0000000091f00000, 0x0000000091f00000| Complete 
| 264|0x0000000092000000, 0x0000000092100000, 0x0000000092100000|100%|HS|  |TAMS 0x0000000092000000, 0x0000000092000000| Complete 
| 265|0x0000000092100000, 0x0000000092200000, 0x0000000092200000|100%|HC|  |TAMS 0x0000000092100000, 0x0000000092100000| Complete 
| 266|0x0000000092200000, 0x0000000092300000, 0x0000000092300000|100%|HC|  |TAMS 0x0000000092200000, 0x0000000092200000| Complete 
| 267|0x0000000092300000, 0x0000000092400000, 0x0000000092400000|100%|HS|  |TAMS 0x0000000092300000, 0x0000000092300000| Complete 
| 268|0x0000000092400000, 0x0000000092500000, 0x0000000092500000|100%|HC|  |TAMS 0x0000000092400000, 0x0000000092400000| Complete 
| 269|0x0000000092500000, 0x0000000092600000, 0x0000000092600000|100%|HC|  |TAMS 0x0000000092500000, 0x0000000092500000| Complete 
| 270|0x0000000092600000, 0x0000000092700000, 0x0000000092700000|100%|HS|  |TAMS 0x0000000092600000, 0x0000000092600000| Complete 
| 271|0x0000000092700000, 0x0000000092800000, 0x0000000092800000|100%|HC|  |TAMS 0x0000000092700000, 0x0000000092700000| Complete 
| 272|0x0000000092800000, 0x0000000092900000, 0x0000000092900000|100%|HC|  |TAMS 0x0000000092800000, 0x0000000092800000| Complete 
| 273|0x0000000092900000, 0x0000000092a00000, 0x0000000092a00000|100%|HS|  |TAMS 0x0000000092900000, 0x0000000092900000| Complete 
| 274|0x0000000092a00000, 0x0000000092b00000, 0x0000000092b00000|100%|HC|  |TAMS 0x0000000092a00000, 0x0000000092a00000| Complete 
| 275|0x0000000092b00000, 0x0000000092c00000, 0x0000000092c00000|100%|HC|  |TAMS 0x0000000092b00000, 0x0000000092b00000| Complete 
| 276|0x0000000092c00000, 0x0000000092d00000, 0x0000000092d00000|100%|HS|  |TAMS 0x0000000092c00000, 0x0000000092c00000| Complete 
| 277|0x0000000092d00000, 0x0000000092e00000, 0x0000000092e00000|100%|HC|  |TAMS 0x0000000092d00000, 0x0000000092d00000| Complete 
| 278|0x0000000092e00000, 0x0000000092f00000, 0x0000000092f00000|100%|HC|  |TAMS 0x0000000092e00000, 0x0000000092e00000| Complete 
| 279|0x0000000092f00000, 0x0000000093000000, 0x0000000093000000|100%|HS|  |TAMS 0x0000000092f00000, 0x0000000092f00000| Complete 
| 280|0x0000000093000000, 0x0000000093100000, 0x0000000093100000|100%|HC|  |TAMS 0x0000000093000000, 0x0000000093000000| Complete 
| 281|0x0000000093100000, 0x0000000093200000, 0x0000000093200000|100%|HC|  |TAMS 0x0000000093100000, 0x0000000093100000| Complete 
| 282|0x0000000093200000, 0x0000000093300000, 0x0000000093300000|100%|HS|  |TAMS 0x0000000093200000, 0x0000000093200000| Complete 
| 283|0x0000000093300000, 0x0000000093400000, 0x0000000093400000|100%|HC|  |TAMS 0x0000000093300000, 0x0000000093300000| Complete 
| 284|0x0000000093400000, 0x0000000093500000, 0x0000000093500000|100%|HC|  |TAMS 0x0000000093400000, 0x0000000093400000| Complete 
| 285|0x0000000093500000, 0x0000000093600000, 0x0000000093600000|100%|HS|  |TAMS 0x0000000093500000, 0x0000000093500000| Complete 
| 286|0x0000000093600000, 0x0000000093700000, 0x0000000093700000|100%|HC|  |TAMS 0x0000000093600000, 0x0000000093600000| Complete 
| 287|0x0000000093700000, 0x0000000093800000, 0x0000000093800000|100%|HC|  |TAMS 0x0000000093700000, 0x0000000093700000| Complete 
| 288|0x0000000093800000, 0x0000000093900000, 0x0000000093900000|100%|HS|  |TAMS 0x0000000093800000, 0x0000000093800000| Complete 
| 289|0x0000000093900000, 0x0000000093a00000, 0x0000000093a00000|100%|HC|  |TAMS 0x0000000093900000, 0x0000000093900000| Complete 
| 290|0x0000000093a00000, 0x0000000093b00000, 0x0000000093b00000|100%|HC|  |TAMS 0x0000000093a00000, 0x0000000093a00000| Complete 
| 291|0x0000000093b00000, 0x0000000093c00000, 0x0000000093c00000|100%|HS|  |TAMS 0x0000000093b00000, 0x0000000093b00000| Complete 
| 292|0x0000000093c00000, 0x0000000093d00000, 0x0000000093d00000|100%|HC|  |TAMS 0x0000000093c00000, 0x0000000093c00000| Complete 
| 293|0x0000000093d00000, 0x0000000093e00000, 0x0000000093e00000|100%|HC|  |TAMS 0x0000000093d00000, 0x0000000093d00000| Complete 
| 294|0x0000000093e00000, 0x0000000093f00000, 0x0000000093f00000|100%|HS|  |TAMS 0x0000000093e00000, 0x0000000093e00000| Complete 
| 295|0x0000000093f00000, 0x0000000094000000, 0x0000000094000000|100%|HC|  |TAMS 0x0000000093f00000, 0x0000000093f00000| Complete 
| 296|0x0000000094000000, 0x0000000094100000, 0x0000000094100000|100%|HC|  |TAMS 0x0000000094000000, 0x0000000094000000| Complete 
| 297|0x0000000094100000, 0x0000000094200000, 0x0000000094200000|100%|HS|  |TAMS 0x0000000094100000, 0x0000000094100000| Complete 
| 298|0x0000000094200000, 0x0000000094300000, 0x0000000094300000|100%|HC|  |TAMS 0x0000000094200000, 0x0000000094200000| Complete 
| 299|0x0000000094300000, 0x0000000094400000, 0x0000000094400000|100%|HC|  |TAMS 0x0000000094300000, 0x0000000094300000| Complete 
| 300|0x0000000094400000, 0x0000000094500000, 0x0000000094500000|100%|HS|  |TAMS 0x0000000094400000, 0x0000000094400000| Complete 
| 301|0x0000000094500000, 0x0000000094600000, 0x0000000094600000|100%|HC|  |TAMS 0x0000000094500000, 0x0000000094500000| Complete 
| 302|0x0000000094600000, 0x0000000094700000, 0x0000000094700000|100%|HC|  |TAMS 0x0000000094600000, 0x0000000094600000| Complete 
| 303|0x0000000094700000, 0x0000000094800000, 0x0000000094800000|100%|HS|  |TAMS 0x0000000094700000, 0x0000000094700000| Complete 
| 304|0x0000000094800000, 0x0000000094900000, 0x0000000094900000|100%|HC|  |TAMS 0x0000000094800000, 0x0000000094800000| Complete 
| 305|0x0000000094900000, 0x0000000094a00000, 0x0000000094a00000|100%|HC|  |TAMS 0x0000000094900000, 0x0000000094900000| Complete 
| 306|0x0000000094a00000, 0x0000000094b00000, 0x0000000094b00000|100%|HS|  |TAMS 0x0000000094a00000, 0x0000000094a00000| Complete 
| 307|0x0000000094b00000, 0x0000000094c00000, 0x0000000094c00000|100%|HC|  |TAMS 0x0000000094b00000, 0x0000000094b00000| Complete 
| 308|0x0000000094c00000, 0x0000000094d00000, 0x0000000094d00000|100%|HC|  |TAMS 0x0000000094c00000, 0x0000000094c00000| Complete 
| 309|0x0000000094d00000, 0x0000000094e00000, 0x0000000094e00000|100%|HS|  |TAMS 0x0000000094d00000, 0x0000000094d00000| Complete 
| 310|0x0000000094e00000, 0x0000000094f00000, 0x0000000094f00000|100%|HC|  |TAMS 0x0000000094e00000, 0x0000000094e00000| Complete 
| 311|0x0000000094f00000, 0x0000000095000000, 0x0000000095000000|100%|HC|  |TAMS 0x0000000094f00000, 0x0000000094f00000| Complete 
| 312|0x0000000095000000, 0x0000000095100000, 0x0000000095100000|100%|HS|  |TAMS 0x0000000095000000, 0x0000000095000000| Complete 
| 313|0x0000000095100000, 0x0000000095200000, 0x0000000095200000|100%|HC|  |TAMS 0x0000000095100000, 0x0000000095100000| Complete 
| 314|0x0000000095200000, 0x0000000095300000, 0x0000000095300000|100%|HC|  |TAMS 0x0000000095200000, 0x0000000095200000| Complete 
| 315|0x0000000095300000, 0x0000000095400000, 0x0000000095400000|100%|HS|  |TAMS 0x0000000095300000, 0x0000000095300000| Complete 
| 316|0x0000000095400000, 0x0000000095500000, 0x0000000095500000|100%|HC|  |TAMS 0x0000000095400000, 0x0000000095400000| Complete 
| 317|0x0000000095500000, 0x0000000095600000, 0x0000000095600000|100%|HC|  |TAMS 0x0000000095500000, 0x0000000095500000| Complete 
| 318|0x0000000095600000, 0x0000000095700000, 0x0000000095700000|100%|HS|  |TAMS 0x0000000095600000, 0x0000000095600000| Complete 
| 319|0x0000000095700000, 0x0000000095800000, 0x0000000095800000|100%|HC|  |TAMS 0x0000000095700000, 0x0000000095700000| Complete 
| 320|0x0000000095800000, 0x0000000095900000, 0x0000000095900000|100%|HC|  |TAMS 0x0000000095800000, 0x0000000095800000| Complete 
| 321|0x0000000095900000, 0x0000000095a00000, 0x0000000095a00000|100%|HS|  |TAMS 0x0000000095900000, 0x0000000095900000| Complete 
| 322|0x0000000095a00000, 0x0000000095b00000, 0x0000000095b00000|100%|HC|  |TAMS 0x0000000095a00000, 0x0000000095a00000| Complete 
| 323|0x0000000095b00000, 0x0000000095c00000, 0x0000000095c00000|100%|HC|  |TAMS 0x0000000095b00000, 0x0000000095b00000| Complete 
| 324|0x0000000095c00000, 0x0000000095d00000, 0x0000000095d00000|100%|HS|  |TAMS 0x0000000095c00000, 0x0000000095c00000| Complete 
| 325|0x0000000095d00000, 0x0000000095e00000, 0x0000000095e00000|100%|HC|  |TAMS 0x0000000095d00000, 0x0000000095d00000| Complete 
| 326|0x0000000095e00000, 0x0000000095f00000, 0x0000000095f00000|100%|HC|  |TAMS 0x0000000095e00000, 0x0000000095e00000| Complete 
| 327|0x0000000095f00000, 0x0000000096000000, 0x0000000096000000|100%|HS|  |TAMS 0x0000000095f00000, 0x0000000095f00000| Complete 
| 328|0x0000000096000000, 0x0000000096100000, 0x0000000096100000|100%|HC|  |TAMS 0x0000000096000000, 0x0000000096000000| Complete 
| 329|0x0000000096100000, 0x0000000096200000, 0x0000000096200000|100%|HC|  |TAMS 0x0000000096100000, 0x0000000096100000| Complete 
| 330|0x0000000096200000, 0x0000000096300000, 0x0000000096300000|100%|HS|  |TAMS 0x0000000096200000, 0x0000000096200000| Complete 
| 331|0x0000000096300000, 0x0000000096400000, 0x0000000096400000|100%|HC|  |TAMS 0x0000000096300000, 0x0000000096300000| Complete 
| 332|0x0000000096400000, 0x0000000096500000, 0x0000000096500000|100%|HC|  |TAMS 0x0000000096400000, 0x0000000096400000| Complete 
| 333|0x0000000096500000, 0x0000000096600000, 0x0000000096600000|100%|HS|  |TAMS 0x0000000096500000, 0x0000000096500000| Complete 
| 334|0x0000000096600000, 0x0000000096700000, 0x0000000096700000|100%|HC|  |TAMS 0x0000000096600000, 0x0000000096600000| Complete 
| 335|0x0000000096700000, 0x0000000096800000, 0x0000000096800000|100%|HC|  |TAMS 0x0000000096700000, 0x0000000096700000| Complete 
| 336|0x0000000096800000, 0x0000000096900000, 0x0000000096900000|100%|HS|  |TAMS 0x0000000096800000, 0x0000000096800000| Complete 
| 337|0x0000000096900000, 0x0000000096a00000, 0x0000000096a00000|100%|HC|  |TAMS 0x0000000096900000, 0x0000000096900000| Complete 
| 338|0x0000000096a00000, 0x0000000096b00000, 0x0000000096b00000|100%|HC|  |TAMS 0x0000000096a00000, 0x0000000096a00000| Complete 
| 339|0x0000000096b00000, 0x0000000096c00000, 0x0000000096c00000|100%|HS|  |TAMS 0x0000000096b00000, 0x0000000096b00000| Complete 
| 340|0x0000000096c00000, 0x0000000096d00000, 0x0000000096d00000|100%|HC|  |TAMS 0x0000000096c00000, 0x0000000096c00000| Complete 
| 341|0x0000000096d00000, 0x0000000096e00000, 0x0000000096e00000|100%|HC|  |TAMS 0x0000000096d00000, 0x0000000096d00000| Complete 
| 342|0x0000000096e00000, 0x0000000096f00000, 0x0000000096f00000|100%|HS|  |TAMS 0x0000000096e00000, 0x0000000096e00000| Complete 
| 343|0x0000000096f00000, 0x0000000097000000, 0x0000000097000000|100%|HC|  |TAMS 0x0000000096f00000, 0x0000000096f00000| Complete 
| 344|0x0000000097000000, 0x0000000097100000, 0x0000000097100000|100%|HC|  |TAMS 0x0000000097000000, 0x0000000097000000| Complete 
| 345|0x0000000097100000, 0x0000000097200000, 0x0000000097200000|100%|HS|  |TAMS 0x0000000097100000, 0x0000000097100000| Complete 
| 346|0x0000000097200000, 0x0000000097300000, 0x0000000097300000|100%|HC|  |TAMS 0x0000000097200000, 0x0000000097200000| Complete 
| 347|0x0000000097300000, 0x0000000097400000, 0x0000000097400000|100%|HC|  |TAMS 0x0000000097300000, 0x0000000097300000| Complete 
| 348|0x0000000097400000, 0x0000000097500000, 0x0000000097500000|100%|HS|  |TAMS 0x0000000097400000, 0x0000000097400000| Complete 
| 349|0x0000000097500000, 0x0000000097600000, 0x0000000097600000|100%|HC|  |TAMS 0x0000000097500000, 0x0000000097500000| Complete 
| 350|0x0000000097600000, 0x0000000097700000, 0x0000000097700000|100%|HC|  |TAMS 0x0000000097600000, 0x0000000097600000| Complete 
| 351|0x0000000097700000, 0x0000000097800000, 0x0000000097800000|100%|HS|  |TAMS 0x0000000097700000, 0x0000000097700000| Complete 
| 352|0x0000000097800000, 0x0000000097900000, 0x0000000097900000|100%|HC|  |TAMS 0x0000000097800000, 0x0000000097800000| Complete 
| 353|0x0000000097900000, 0x0000000097a00000, 0x0000000097a00000|100%|HC|  |TAMS 0x0000000097900000, 0x0000000097900000| Complete 
| 354|0x0000000097a00000, 0x0000000097b00000, 0x0000000097b00000|100%|HS|  |TAMS 0x0000000097a00000, 0x0000000097a00000| Complete 
| 355|0x0000000097b00000, 0x0000000097c00000, 0x0000000097c00000|100%|HC|  |TAMS 0x0000000097b00000, 0x0000000097b00000| Complete 
| 356|0x0000000097c00000, 0x0000000097d00000, 0x0000000097d00000|100%|HC|  |TAMS 0x0000000097c00000, 0x0000000097c00000| Complete 
| 357|0x0000000097d00000, 0x0000000097e00000, 0x0000000097e00000|100%|HS|  |TAMS 0x0000000097d00000, 0x0000000097d00000| Complete 
| 358|0x0000000097e00000, 0x0000000097f00000, 0x0000000097f00000|100%|HC|  |TAMS 0x0000000097e00000, 0x0000000097e00000| Complete 
| 359|0x0000000097f00000, 0x0000000098000000, 0x0000000098000000|100%|HC|  |TAMS 0x0000000097f00000, 0x0000000097f00000| Complete 
| 360|0x0000000098000000, 0x0000000098100000, 0x0000000098100000|100%|HS|  |TAMS 0x0000000098000000, 0x0000000098000000| Complete 
| 361|0x0000000098100000, 0x0000000098200000, 0x0000000098200000|100%|HC|  |TAMS 0x0000000098100000, 0x0000000098100000| Complete 
| 362|0x0000000098200000, 0x0000000098300000, 0x0000000098300000|100%|HC|  |TAMS 0x0000000098200000, 0x0000000098200000| Complete 
| 363|0x0000000098300000, 0x0000000098400000, 0x0000000098400000|100%|HS|  |TAMS 0x0000000098300000, 0x0000000098300000| Complete 
| 364|0x0000000098400000, 0x0000000098500000, 0x0000000098500000|100%|HC|  |TAMS 0x0000000098400000, 0x0000000098400000| Complete 
| 365|0x0000000098500000, 0x0000000098600000, 0x0000000098600000|100%|HC|  |TAMS 0x0000000098500000, 0x0000000098500000| Complete 
| 366|0x0000000098600000, 0x0000000098700000, 0x0000000098700000|100%|HS|  |TAMS 0x0000000098600000, 0x0000000098600000| Complete 
| 367|0x0000000098700000, 0x0000000098800000, 0x0000000098800000|100%|HC|  |TAMS 0x0000000098700000, 0x0000000098700000| Complete 
| 368|0x0000000098800000, 0x0000000098900000, 0x0000000098900000|100%|HC|  |TAMS 0x0000000098800000, 0x0000000098800000| Complete 
| 369|0x0000000098900000, 0x0000000098a00000, 0x0000000098a00000|100%|HS|  |TAMS 0x0000000098900000, 0x0000000098900000| Complete 
| 370|0x0000000098a00000, 0x0000000098b00000, 0x0000000098b00000|100%|HC|  |TAMS 0x0000000098a00000, 0x0000000098a00000| Complete 
| 371|0x0000000098b00000, 0x0000000098c00000, 0x0000000098c00000|100%|HC|  |TAMS 0x0000000098b00000, 0x0000000098b00000| Complete 
| 372|0x0000000098c00000, 0x0000000098d00000, 0x0000000098d00000|100%|HS|  |TAMS 0x0000000098c00000, 0x0000000098c00000| Complete 
| 373|0x0000000098d00000, 0x0000000098e00000, 0x0000000098e00000|100%|HC|  |TAMS 0x0000000098d00000, 0x0000000098d00000| Complete 
| 374|0x0000000098e00000, 0x0000000098f00000, 0x0000000098f00000|100%|HC|  |TAMS 0x0000000098e00000, 0x0000000098e00000| Complete 
| 375|0x0000000098f00000, 0x0000000099000000, 0x0000000099000000|100%|HS|  |TAMS 0x0000000098f00000, 0x0000000098f00000| Complete 
| 376|0x0000000099000000, 0x0000000099100000, 0x0000000099100000|100%|HC|  |TAMS 0x0000000099000000, 0x0000000099000000| Complete 
| 377|0x0000000099100000, 0x0000000099200000, 0x0000000099200000|100%|HC|  |TAMS 0x0000000099100000, 0x0000000099100000| Complete 
| 378|0x0000000099200000, 0x0000000099300000, 0x0000000099300000|100%|HS|  |TAMS 0x0000000099200000, 0x0000000099200000| Complete 
| 379|0x0000000099300000, 0x0000000099400000, 0x0000000099400000|100%|HC|  |TAMS 0x0000000099300000, 0x0000000099300000| Complete 
| 380|0x0000000099400000, 0x0000000099500000, 0x0000000099500000|100%|HC|  |TAMS 0x0000000099400000, 0x0000000099400000| Complete 
| 381|0x0000000099500000, 0x0000000099600000, 0x0000000099600000|100%|HS|  |TAMS 0x0000000099500000, 0x0000000099500000| Complete 
| 382|0x0000000099600000, 0x0000000099700000, 0x0000000099700000|100%|HC|  |TAMS 0x0000000099600000, 0x0000000099600000| Complete 
| 383|0x0000000099700000, 0x0000000099800000, 0x0000000099800000|100%|HC|  |TAMS 0x0000000099700000, 0x0000000099700000| Complete 
| 384|0x0000000099800000, 0x0000000099900000, 0x0000000099900000|100%|HS|  |TAMS 0x0000000099800000, 0x0000000099800000| Complete 
| 385|0x0000000099900000, 0x0000000099a00000, 0x0000000099a00000|100%|HC|  |TAMS 0x0000000099900000, 0x0000000099900000| Complete 
| 386|0x0000000099a00000, 0x0000000099b00000, 0x0000000099b00000|100%|HC|  |TAMS 0x0000000099a00000, 0x0000000099a00000| Complete 

Card table byte_map: [0x00000212733c0000,0x00000212737c0000] _byte_map_base: 0x0000021272fb4000

Marking Bits (Prev, Next): (CMBitMap*) 0x0000021259a82c60, (CMBitMap*) 0x0000021259a82c28
 Prev Bits: [0x0000021275b60000, 0x0000021277b00000)
 Next Bits: [0x0000021273bc0000, 0x0000021275b60000)

Polling page: 0x0000021259820000

Metaspace:

Usage:
  Non-class:     14.61 MB capacity,    14.36 MB ( 98%) used,   209.91 KB (  1%) free+waste,    47.69 KB ( <1%) overhead. 
      Class:      1.73 MB capacity,     1.56 MB ( 90%) used,   160.70 KB (  9%) free+waste,    22.50 KB (  1%) overhead. 
       Both:     16.34 MB capacity,    15.91 MB ( 97%) used,   370.61 KB (  2%) free+waste,    70.19 KB ( <1%) overhead. 

Virtual space:
  Non-class space:       16.00 MB reserved,      14.75 MB ( 92%) committed 
      Class space:        1.00 GB reserved,       1.75 MB ( <1%) committed 
             Both:        1.02 GB reserved,      16.50 MB (  2%) committed 

Chunk freelists:
   Non-Class:  17.00 KB
       Class:  16.00 KB
        Both:  33.00 KB

MaxMetaspaceSize: 17179869184.00 GB
CompressedClassSpaceSize: 1.00 GB
Initial GC threshold: 20.80 MB
Current GC threshold: 27.50 MB
CDS: off

CodeHeap 'non-profiled nmethods': size=120064Kb used=595Kb max_used=595Kb free=119468Kb
 bounds [0x000002126b460000, 0x000002126b6d0000, 0x00000212729a0000]
CodeHeap 'profiled nmethods': size=120000Kb used=2492Kb max_used=2492Kb free=117508Kb
 bounds [0x0000021263f30000, 0x00000212641a0000, 0x000002126b460000]
CodeHeap 'non-nmethods': size=5696Kb used=1370Kb max_used=1401Kb free=4325Kb
 bounds [0x00000212639a0000, 0x0000021263c10000, 0x0000021263f30000]
 total_blobs=1888 nmethods=1298 adapters=511
 compilation: enabled
              stopped_count=0, restarted_count=0
 full_count=0

Compilation events (20 events):
Event: 13.361 Thread 0x000002127aaf7000 1289   !   3       sun.nio.ch.FileLockTable::removeStaleEntries (71 bytes)
Event: 13.362 Thread 0x000002127aaf7000 nmethod 1289 0x0000021264199790 code [0x00000212641999e0, 0x000002126419a438]
Event: 13.494 Thread 0x000002127aaf7000 1290       3       com.sun.javafx.tk.quantum.QuantumToolkit::postPulse (106 bytes)
Event: 13.497 Thread 0x000002127aaf7000 nmethod 1290 0x000002126419a810 code [0x000002126419ab40, 0x000002126419bcd8]
Event: 13.518 Thread 0x000002127aaf7000 1291       1       java.awt.image.DataBuffer::getNumBanks (5 bytes)
Event: 13.518 Thread 0x000002127aaf7000 nmethod 1291 0x000002126b4f4410 code [0x000002126b4f45c0, 0x000002126b4f4678]
Event: 14.237 Thread 0x000002127aaf7000 1292       1       java.awt.image.SampleModel::getWidth (5 bytes)
Event: 14.237 Thread 0x000002127aaf7000 nmethod 1292 0x000002126b4f4710 code [0x000002126b4f48c0, 0x000002126b4f4978]
Event: 14.237 Thread 0x000002127aaf7000 1293       1       java.awt.image.SampleModel::getHeight (5 bytes)
Event: 14.237 Thread 0x000002127aaf7000 nmethod 1293 0x000002126b4f4a10 code [0x000002126b4f4bc0, 0x000002126b4f4c78]
Event: 14.890 Thread 0x000002127aaf7000 1294       3       java.util.AbstractCollection::toArray (70 bytes)
Event: 14.891 Thread 0x000002127aaf7000 nmethod 1294 0x000002126419c290 code [0x000002126419c4e0, 0x000002126419ce08]
Event: 14.891 Thread 0x000002127aaf7000 1295       3       greenfoot.TreeActorSet$TasIterator::<init> (91 bytes)
Event: 14.892 Thread 0x000002127aaf7000 nmethod 1295 0x000002126419d090 code [0x000002126419d300, 0x000002126419df98]
Event: 14.894 Thread 0x000002127aaf7000 1296       3       greenfoot.ActorSet$ActorSetIterator::hasNext (23 bytes)
Event: 14.894 Thread 0x000002127aaf7000 nmethod 1296 0x000002126419e310 code [0x000002126419e4c0, 0x000002126419e638]
Event: 15.077 Thread 0x000002127aaf7000 1297       3       sun.awt.image.SunWritableRaster::stealData (11 bytes)
Event: 15.078 Thread 0x000002127aaf7000 nmethod 1297 0x000002126419e710 code [0x000002126419e8e0, 0x000002126419ea98]
Event: 15.078 Thread 0x000002127aaf7000 1298       3       java.awt.image.DataBuffer$1::getData (7 bytes)
Event: 15.078 Thread 0x000002127aaf7000 nmethod 1298 0x000002126419ec10 code [0x000002126419edc0, 0x000002126419eef8]

GC Heap History (10 events):
Event: 4.031 GC heap before
{Heap before GC invocations=0 (full 0):
 garbage-first heap   total 131072K, used 5120K [0x0000000081800000, 0x0000000100000000)
  region size 1024K, 6 young (6144K), 0 survivors (0K)
 Metaspace       used 8806K, capacity 8979K, committed 9088K, reserved 1056768K
  class space    used 799K, capacity 851K, committed 896K, reserved 1048576K
}
Event: 4.183 GC heap after
{Heap after GC invocations=1 (full 0):
 garbage-first heap   total 131072K, used 2903K [0x0000000081800000, 0x0000000100000000)
  region size 1024K, 1 young (1024K), 1 survivors (1024K)
 Metaspace       used 8806K, capacity 8979K, committed 9088K, reserved 1056768K
  class space    used 799K, capacity 851K, committed 896K, reserved 1048576K
}
Event: 6.403 GC heap before
{Heap before GC invocations=1 (full 0):
 garbage-first heap   total 131072K, used 6999K [0x0000000081800000, 0x0000000100000000)
  region size 1024K, 6 young (6144K), 1 survivors (1024K)
 Metaspace       used 10833K, capacity 11108K, committed 11392K, reserved 1058816K
  class space    used 1004K, capacity 1113K, committed 1152K, reserved 1048576K
}
Event: 6.413 GC heap after
{Heap after GC invocations=2 (full 0):
 garbage-first heap   total 131072K, used 3555K [0x0000000081800000, 0x0000000100000000)
  region size 1024K, 1 young (1024K), 1 survivors (1024K)
 Metaspace       used 10833K, capacity 11108K, committed 11392K, reserved 1058816K
  class space    used 1004K, capacity 1113K, committed 1152K, reserved 1048576K
}
Event: 7.139 GC heap before
{Heap before GC invocations=2 (full 0):
 garbage-first heap   total 131072K, used 8675K [0x0000000081800000, 0x0000000100000000)
  region size 1024K, 6 young (6144K), 1 survivors (1024K)
 Metaspace       used 14338K, capacity 14733K, committed 14848K, reserved 1062912K
  class space    used 1381K, capacity 1511K, committed 1536K, reserved 1048576K
}
Event: 7.142 GC heap after
{Heap after GC invocations=3 (full 0):
 garbage-first heap   total 131072K, used 4015K [0x0000000081800000, 0x0000000100000000)
  region size 1024K, 1 young (1024K), 1 survivors (1024K)
 Metaspace       used 14338K, capacity 14733K, committed 14848K, reserved 1062912K
  class space    used 1381K, capacity 1511K, committed 1536K, reserved 1048576K
}
Event: 7.386 GC heap before
{Heap before GC invocations=3 (full 0):
 garbage-first heap   total 131072K, used 10159K [0x0000000081800000, 0x0000000100000000)
  region size 1024K, 8 young (8192K), 1 survivors (1024K)
 Metaspace       used 16072K, capacity 16488K, committed 16640K, reserved 1064960K
  class space    used 1571K, capacity 1736K, committed 1792K, reserved 1048576K
}
Event: 7.398 GC heap after
{Heap after GC invocations=4 (full 1):
 garbage-first heap   total 20480K, used 4549K [0x0000000081800000, 0x0000000100000000)
  region size 1024K, 0 young (0K), 0 survivors (0K)
 Metaspace       used 16072K, capacity 16488K, committed 16640K, reserved 1064960K
  class space    used 1571K, capacity 1736K, committed 1792K, reserved 1048576K
}
Event: 7.532 GC heap before
{Heap before GC invocations=4 (full 1):
 garbage-first heap   total 20480K, used 6597K [0x0000000081800000, 0x0000000100000000)
  region size 1024K, 2 young (2048K), 0 survivors (0K)
 Metaspace       used 16172K, capacity 16604K, committed 16640K, reserved 1064960K
  class space    used 1587K, capacity 1775K, committed 1792K, reserved 1048576K
}
Event: 7.534 GC heap after
{Heap after GC invocations=5 (full 1):
 garbage-first heap   total 20480K, used 6689K [0x0000000081800000, 0x0000000100000000)
  region size 1024K, 1 young (1024K), 1 survivors (1024K)
 Metaspace       used 16172K, capacity 16604K, committed 16640K, reserved 1064960K
  class space    used 1587K, capacity 1775K, committed 1792K, reserved 1048576K
}

Deoptimization events (20 events):
Event: 7.220 Thread 0x000002127bcd7800 DEOPT PACKING pc=0x000002126b49ddcc sp=0x000000fe446fd1d0
Event: 7.220 Thread 0x000002127bcd7800 DEOPT UNPACKING pc=0x00000212639ea1af sp=0x000000fe446fd1b0 mode 2
Event: 7.436 Thread 0x000002127c215800 DEOPT PACKING pc=0x00000212640c9f0c sp=0x000000fe455fe6d0
Event: 7.436 Thread 0x000002127c215800 DEOPT UNPACKING pc=0x00000212639ea95e sp=0x000000fe455fdb80 mode 1
Event: 7.441 Thread 0x000002127c213000 DEOPT PACKING pc=0x00000212640c9f0c sp=0x000000fe456fc8e0
Event: 7.441 Thread 0x000002127c213000 DEOPT UNPACKING pc=0x00000212639ea95e sp=0x000000fe456fbd90 mode 1
Event: 7.466 Thread 0x000002127c213000 DEOPT PACKING pc=0x00000212640c9f0c sp=0x000000fe456fdcc0
Event: 7.466 Thread 0x000002127c213000 DEOPT UNPACKING pc=0x00000212639ea95e sp=0x000000fe456fd170 mode 1
Event: 7.724 Thread 0x000002127c215800 Uncommon trap: trap_request=0xffffff4d fr.pc=0x000002126b4d74f4 relative=0x0000000000000594
Event: 7.724 Thread 0x000002127c215800 Uncommon trap: reason=unstable_if action=reinterpret pc=0x000002126b4d74f4 method=greenfoot.vmcomm.VMCommsSimulation.doInterVMComms()V @ 357 c2
Event: 7.724 Thread 0x000002127c215800 DEOPT PACKING pc=0x000002126b4d74f4 sp=0x000000fe455ff630
Event: 7.724 Thread 0x000002127c215800 DEOPT UNPACKING pc=0x00000212639ea1af sp=0x000000fe455ff5d8 mode 2
Event: 7.992 Thread 0x000002127c213000 DEOPT PACKING pc=0x000002126416bea8 sp=0x000000fe456ff1c0
Event: 7.992 Thread 0x000002127c213000 DEOPT UNPACKING pc=0x00000212639ea95e sp=0x000000fe456fe6a0 mode 0
Event: 8.010 Thread 0x000002127c213000 DEOPT PACKING pc=0x000002126416bea8 sp=0x000000fe456ff1c0
Event: 8.010 Thread 0x000002127c213000 DEOPT UNPACKING pc=0x00000212639ea95e sp=0x000000fe456fe6a0 mode 0
Event: 8.284 Thread 0x000002127c215800 Uncommon trap: trap_request=0xfffffff4 fr.pc=0x000002126b4db364 relative=0x00000000000027c4
Event: 8.284 Thread 0x000002127c215800 Uncommon trap: reason=null_check action=make_not_entrant pc=0x000002126b4db364 method=greenfoot.vmcomm.VMCommsSimulation.doInterVMComms()V @ 162 c2
Event: 8.285 Thread 0x000002127c215800 DEOPT PACKING pc=0x000002126b4db364 sp=0x000000fe455ff610
Event: 8.285 Thread 0x000002127c215800 DEOPT UNPACKING pc=0x00000212639ea1af sp=0x000000fe455ff5d0 mode 2

Classes redefined (0 events):
No events

Internal exceptions (20 events):
Event: 4.228 Thread 0x000002127b19f000 Exception <a 'java/security/PrivilegedActionException'{0x0000000089784f58}> (0x0000000089784f58) thrown at [./src/hotspot/share/prims/jvm.cpp, line 1306]
Event: 4.228 Thread 0x000002127b19f000 Exception <a 'java/security/PrivilegedActionException'{0x0000000089785228}> (0x0000000089785228) thrown at [./src/hotspot/share/prims/jvm.cpp, line 1306]
Event: 5.709 Thread 0x000002127b410800 Exception <a 'java/lang/NoSuchMethodError'{0x00000000895aad68}: 'java.lang.Object java.lang.invoke.DirectMethodHandle$Holder.invokeStatic(java.lang.Object, java.lang.Object, java.lang.Object, java.lang.Object, java.lang.Object, java.lang.Object, java.lang.Object, java.lang.Object, java.lang.Object, java.lang.Object, java.lang.Object, int)'> (0x00000000895aad68) thrown at [./src/hotspot/share/interpreter/linkResolver.cpp, line 773]
Event: 5.720 Thread 0x000002127b410800 Exception <a 'java/lang/NoSuchMethodError'{0x00000000895c97e0}: 'java.lang.Object java.lang.invoke.DirectMethodHandle$Holder.invokeStatic(java.lang.Object, java.lang.Object, java.lang.Object, java.lang.Object, java.lang.Object, java.lang.Object, java.lang.Object, java.lang.Object, java.lang.Object, java.lang.Object, java.lang.Object, int, int)'> (0x00000000895c97e0) thrown at [./src/hotspot/share/interpreter/linkResolver.cpp, line 773]
Event: 5.729 Thread 0x000002127b410800 Exception <a 'java/lang/NoSuchMethodError'{0x00000000895e91f0}: 'java.lang.Object java.lang.invoke.DirectMethodHandle$Holder.invokeStatic(java.lang.Object, java.lang.Object, java.lang.Object, java.lang.Object, java.lang.Object, java.lang.Object, java.lang.Object, java.lang.Object, java.lang.Object, java.lang.Object, java.lang.Object, int, int, java.lang.Object)'> (0x00000000895e91f0) thrown at [./src/hotspot/share/interpreter/linkResolver.cpp, line 773]
Event: 5.741 Thread 0x000002127b410800 Exception <a 'java/lang/NoSuchMethodError'{0x000000008940a718}: 'java.lang.Object java.lang.invoke.DirectMethodHandle$Holder.invokeStatic(java.lang.Object, java.lang.Object, java.lang.Object, java.lang.Object, java.lang.Object, java.lang.Object, java.lang.Object, java.lang.Object, java.lang.Object, java.lang.Object, java.lang.Object, int, int, java.lang.Object, java.lang.Object)'> (0x000000008940a718) thrown at [./src/hotspot/share/interpreter/linkResolver.cpp, line 773]
Event: 6.334 Thread 0x000002127b410800 Exception <a 'java/lang/ClassNotFoundException'{0x0000000089397d48}: sun/net/www/protocol/c/Handler> (0x0000000089397d48) thrown at [./src/hotspot/share/classfile/systemDictionary.cpp, line 230]
Event: 6.335 Thread 0x000002127b410800 Exception <a 'java/lang/ClassNotFoundException'{0x000000008939e718}: sun/net/www/protocol/c/Handler> (0x000000008939e718) thrown at [./src/hotspot/share/classfile/systemDictionary.cpp, line 230]
Event: 6.336 Thread 0x000002127b410800 Exception <a 'java/lang/ClassNotFoundException'{0x00000000893a5088}: sun/net/www/protocol/c/Handler> (0x00000000893a5088) thrown at [./src/hotspot/share/classfile/systemDictionary.cpp, line 230]
Event: 6.430 Thread 0x000002127b410800 Exception <a 'java/lang/NoSuchMethodError'{0x00000000897097d0}: 'java.lang.Object java.lang.invoke.DirectMethodHandle$Holder.invokeStatic(java.lang.Object, int, int, int, int)'> (0x00000000897097d0) thrown at [./src/hotspot/share/interpreter/linkResolver.cpp, line 773]
Event: 6.432 Thread 0x000002127b410800 Exception <a 'java/lang/NoSuchMethodError'{0x000000008970c928}: 'java.lang.Object java.lang.invoke.DirectMethodHandle$Holder.invokeStaticInit(java.lang.Object, int, int, int, int)'> (0x000000008970c928) thrown at [./src/hotspot/share/interpreter/linkResolver.cpp, line 773]
Event: 6.859 Thread 0x000002127b410800 Exception <a 'java/lang/NoSuchMethodError'{0x000000008975c858}: 'java.lang.Object java.lang.invoke.DirectMethodHandle$Holder.invokeStatic(java.lang.Object, java.lang.Object, int, int, int, int)'> (0x000000008975c858) thrown at [./src/hotspot/share/interpreter/linkResolver.cpp, line 773]
Event: 6.860 Thread 0x000002127b410800 Exception <a 'java/lang/NoSuchMethodError'{0x000000008975fbb0}: 'java.lang.Object java.lang.invoke.DirectMethodHandle$Holder.invokeStaticInit(java.lang.Object, java.lang.Object, int, int, int, int)'> (0x000000008975fbb0) thrown at [./src/hotspot/share/interpreter/linkResolver.cpp, line 773]
Event: 7.031 Thread 0x000002127bcd7800 Exception <a 'java/lang/NoSuchMethodError'{0x000000008945c018}: 'java.lang.Object java.lang.invoke.DirectMethodHandle$Holder.invokeStatic(java.lang.Object, java.lang.Object, java.lang.Object, java.lang.Object, java.lang.Object, java.lang.Object, java.lang.Object, java.lang.Object, int, int, java.lang.Object)'> (0x000000008945c018) thrown at [./src/hotspot/share/interpreter/linkResolver.cpp, line 773]
Event: 7.220 Thread 0x000002127bcd7800 Exception <a 'java/lang/NoSuchMethodError'{0x0000000089508538}: 'int java.lang.invoke.DirectMethodHandle$Holder.invokeStaticInit(java.lang.Object, java.lang.Object, java.lang.Object)'> (0x0000000089508538) thrown at [./src/hotspot/share/interpreter/linkResolver.cpp, line 773]
Event: 7.246 Thread 0x000002127bcd7800 Exception <a 'java/lang/NoSuchMethodError'{0x00000000895d9a28}: 'java.lang.Object java.lang.invoke.DirectMethodHandle$Holder.invokeStatic(java.lang.Object, java.lang.Object, int, java.lang.Object)'> (0x00000000895d9a28) thrown at [./src/hotspot/share/interpreter/linkResolver.cpp, line 773]
Event: 7.246 Thread 0x000002127bcd7800 Exception <a 'java/lang/NoSuchMethodError'{0x00000000895dd2f8}: 'java.lang.Object java.lang.invoke.DirectMethodHandle$Holder.invokeSpecial(java.lang.Object, java.lang.Object, java.lang.Object, int, java.lang.Object)'> (0x00000000895dd2f8) thrown at [./src/hotspot/share/interpreter/linkResolver.cpp, line 773]
Event: 7.247 Thread 0x000002127bcd7800 Exception <a 'java/lang/NoSuchMethodError'{0x00000000895e04e8}: 'java.lang.Object java.lang.invoke.Invokers$Holder.linkToTargetMethod(java.lang.Object, int, java.lang.Object, java.lang.Object)'> (0x00000000895e04e8) thrown at [./src/hotspot/share/interpreter/linkResolver.cpp, line 773]
Event: 7.325 Thread 0x000002127c229800 Exception <a 'java/lang/NoSuchMethodError'{0x000000008927a200}: 'void java.lang.invoke.DirectMethodHandle$Holder.invokeStaticInit(java.lang.Object)'> (0x000000008927a200) thrown at [./src/hotspot/share/interpreter/linkResolver.cpp, line 773]
Event: 8.284 Thread 0x000002127c215800 Implicit null exception at 0x000002126b4d8eb8 to 0x000002126b4db354

Events (20 events):
Event: 7.624 loading class java/util/LinkedList$ListItr
Event: 7.625 loading class java/util/LinkedList$ListItr done
Event: 7.627 loading class greenfoot/ActorSet$ActorSetIterator
Event: 7.627 loading class greenfoot/ActorSet$ActorSetIterator done
Event: 7.628 loading class greenfoot/event/WorldEvent
Event: 7.628 loading class greenfoot/event/WorldEvent done
Event: 7.640 Executing VM operation: GetFrameCount
Event: 7.641 Executing VM operation: GetFrameCount done
Event: 7.641 Executing VM operation: GetStackTrace
Event: 7.641 Executing VM operation: GetStackTrace done
Event: 7.642 Executing VM operation: ThreadSuspend
Event: 7.642 Executing VM operation: ThreadSuspend done
Event: 7.665 Loaded shared library C:\Program Files\Greenfoot\jdk\bin\java.dll
Event: 7.700 Loaded shared library C:\Program Files\Greenfoot\jdk\bin\java.dll
Event: 8.381 loading class sun/awt/AppContext$PostShutdownEventRunnable
Event: 8.381 loading class sun/awt/AppContext$PostShutdownEventRunnable done
Event: 8.381 loading class sun/awt/AWTAutoShutdown$1
Event: 8.382 loading class sun/awt/AWTAutoShutdown$1 done
Event: 8.382 Thread 0x000002127b446800 Thread exited: 0x000002127b446800
Event: 8.382 Thread 0x000002127b434800 Thread exited: 0x000002127b434800


Dynamic libraries:
0x00007ff6f0bf0000 - 0x00007ff6f0bfd000 	C:\Program Files\Greenfoot\jdk\bin\java.exe
0x00007ff9294b0000 - 0x00007ff92969d000 	C:\Windows\SYSTEM32\ntdll.dll
0x00007ff926aa0000 - 0x00007ff926b53000 	C:\Windows\System32\KERNEL32.DLL
0x00007ff925890000 - 0x00007ff925b23000 	C:\Windows\System32\KERNELBASE.dll
0x00007ff925630000 - 0x00007ff92572c000 	C:\Windows\System32\ucrtbase.dll
0x00007ff9188d0000 - 0x00007ff9188e7000 	C:\Program Files\Greenfoot\jdk\bin\jli.dll
0x00007ff926710000 - 0x00007ff9268a7000 	C:\Windows\System32\USER32.dll
0x00007ff925610000 - 0x00007ff925630000 	C:\Windows\System32\win32u.dll
0x00007ff926b90000 - 0x00007ff926bb9000 	C:\Windows\System32\GDI32.dll
0x00007ff926460000 - 0x00007ff9265fa000 	C:\Windows\System32\gdi32full.dll
0x00007ff926670000 - 0x00007ff926710000 	C:\Windows\System32\msvcp_win.dll
0x00007ff91f8d0000 - 0x00007ff91f8e5000 	C:\Program Files\Greenfoot\jdk\bin\VCRUNTIME140.dll
0x00007ff9168a0000 - 0x00007ff916b19000 	C:\Windows\WinSxS\amd64_microsoft.windows.common-controls_6595b64144ccf1df_6.0.17763.1_none_f040600eff408c2d\COMCTL32.dll
0x00007ff928f90000 - 0x00007ff92902e000 	C:\Windows\System32\msvcrt.dll
0x00007ff9284b0000 - 0x00007ff9287de000 	C:\Windows\System32\combase.dll
0x00007ff928300000 - 0x00007ff928423000 	C:\Windows\System32\RPCRT4.dll
0x00007ff925730000 - 0x00007ff9257ae000 	C:\Windows\System32\bcryptPrimitives.dll
0x00007ff926b60000 - 0x00007ff926b8e000 	C:\Windows\System32\IMM32.DLL
0x00007ff90e970000 - 0x00007ff90ea0b000 	C:\Program Files\Greenfoot\jdk\bin\msvcp140.dll
0x00007ff8e3050000 - 0x00007ff8e3bd1000 	C:\Program Files\Greenfoot\jdk\bin\server\jvm.dll
0x00007ff926990000 - 0x00007ff926a33000 	C:\Windows\System32\ADVAPI32.dll
0x00007ff926bc0000 - 0x00007ff926c5e000 	C:\Windows\System32\sechost.dll
0x00007ff9287f0000 - 0x00007ff9287f8000 	C:\Windows\System32\PSAPI.DLL
0x00007ff9213b0000 - 0x00007ff9213b9000 	C:\Windows\SYSTEM32\WSOCK32.dll
0x00007ff921380000 - 0x00007ff9213a4000 	C:\Windows\SYSTEM32\WINMM.dll
0x00007ff919a50000 - 0x00007ff919a5a000 	C:\Windows\SYSTEM32\VERSION.dll
0x00007ff921350000 - 0x00007ff92137d000 	C:\Windows\SYSTEM32\WINMMBASE.dll
0x00007ff926620000 - 0x00007ff92666a000 	C:\Windows\System32\cfgmgr32.dll
0x00007ff928440000 - 0x00007ff9284ad000 	C:\Windows\System32\ws2_32.DLL
0x00007ff925590000 - 0x00007ff9255a1000 	C:\Windows\System32\kernel.appcore.dll
0x00007ff920690000 - 0x00007ff9206a0000 	C:\Program Files\Greenfoot\jdk\bin\verify.dll
0x00007ff901840000 - 0x00007ff901a2d000 	C:\Windows\SYSTEM32\DBGHELP.DLL
0x00007ff90a940000 - 0x00007ff90a96a000 	C:\Windows\SYSTEM32\dbgcore.DLL
0x00007ff9185f0000 - 0x00007ff918618000 	C:\Program Files\Greenfoot\jdk\bin\java.dll
0x00007ff91fa60000 - 0x00007ff91fa6a000 	C:\Program Files\Greenfoot\jdk\bin\jimage.dll
0x00007ff907a90000 - 0x00007ff907ac8000 	C:\Program Files\Greenfoot\jdk\bin\jdwp.dll
0x00007ff9185a0000 - 0x00007ff9185b8000 	C:\Program Files\Greenfoot\jdk\bin\zip.dll
0x00007ff926cc0000 - 0x00007ff9281af000 	C:\Windows\System32\SHELL32.dll
0x00007ff928800000 - 0x00007ff9288a8000 	C:\Windows\System32\shcore.dll
0x00007ff925b30000 - 0x00007ff926278000 	C:\Windows\System32\windows.storage.dll
0x00007ff9254e0000 - 0x00007ff925504000 	C:\Windows\System32\profapi.dll
0x00007ff925510000 - 0x00007ff92556d000 	C:\Windows\System32\powrprof.dll
0x00007ff928bd0000 - 0x00007ff928c22000 	C:\Windows\System32\shlwapi.dll
0x00007ff926600000 - 0x00007ff926617000 	C:\Windows\System32\cryptsp.dll
0x00007ff9188c0000 - 0x00007ff9188cb000 	C:\Program Files\Greenfoot\jdk\bin\dt_shmem.dll
0x00007ff918580000 - 0x00007ff918599000 	C:\Program Files\Greenfoot\jdk\bin\net.dll
0x00007ff9206e0000 - 0x00007ff9207d1000 	C:\Windows\SYSTEM32\WINHTTP.dll
0x00007ff924d70000 - 0x00007ff924dd7000 	C:\Windows\system32\mswsock.dll
0x00007ff917030000 - 0x00007ff917043000 	C:\Program Files\Greenfoot\jdk\bin\nio.dll
0x00007ff904420000 - 0x00007ff9045b9000 	C:\Program Files\Greenfoot\jdk\bin\awt.dll
0x00007ff928230000 - 0x00007ff9282fb000 	C:\Windows\System32\OLEAUT32.dll
0x00007ff9236f0000 - 0x00007ff92377c000 	C:\Windows\SYSTEM32\apphelp.dll
0x00007ff923820000 - 0x00007ff9238bc000 	C:\Windows\system32\uxtheme.dll
0x00007ff9288b0000 - 0x00007ff928a1a000 	C:\Windows\System32\MSCTF.dll
0x00007ff923b20000 - 0x00007ff923b4e000 	C:\Windows\system32\dwmapi.dll
0x00007ff926280000 - 0x00007ff92645b000 	C:\Windows\System32\CRYPT32.dll
0x00007ff925570000 - 0x00007ff925582000 	C:\Windows\System32\MSASN1.dll
0x00007ff928c30000 - 0x00007ff928d85000 	C:\Windows\System32\ole32.dll
0x00007ff903c90000 - 0x00007ff903db7000 	C:\Windows\system32\opengl32.dll
0x00007ff903c60000 - 0x00007ff903c8c000 	C:\Windows\SYSTEM32\GLU32.dll
0x00007ff924930000 - 0x00007ff924963000 	C:\Windows\system32\rsaenh.dll
0x00007ff925860000 - 0x00007ff925886000 	C:\Windows\System32\bcrypt.dll
0x00007ff925410000 - 0x00007ff925438000 	C:\Windows\SYSTEM32\USERENV.dll
0x00007ff924f40000 - 0x00007ff924f4c000 	C:\Windows\SYSTEM32\CRYPTBASE.dll
0x00007ff924ad0000 - 0x00007ff924b0d000 	C:\Windows\SYSTEM32\IPHLPAPI.DLL
0x00007ff9287e0000 - 0x00007ff9287e8000 	C:\Windows\System32\NSI.dll
0x00007ff919a80000 - 0x00007ff919a96000 	C:\Windows\SYSTEM32\dhcpcsvc6.DLL
0x00007ff91a180000 - 0x00007ff91a19c000 	C:\Windows\SYSTEM32\dhcpcsvc.DLL
0x00007ff924b10000 - 0x00007ff924bd6000 	C:\Windows\SYSTEM32\DNSAPI.dll
0x000002127b7f0000 - 0x000002127b7f3000 	C:\Program Files\Greenfoot\lib\javafx\bin\api-ms-win-core-console-l1-1-0.dll
0x000002127b800000 - 0x000002127b803000 	C:\Program Files\Greenfoot\lib\javafx\bin\api-ms-win-core-console-l1-2-0.dll
0x000002127b810000 - 0x000002127b813000 	C:\Program Files\Greenfoot\lib\javafx\bin\api-ms-win-core-datetime-l1-1-0.dll
0x000002127b820000 - 0x000002127b823000 	C:\Program Files\Greenfoot\lib\javafx\bin\api-ms-win-core-debug-l1-1-0.dll
0x000002127b830000 - 0x000002127b833000 	C:\Program Files\Greenfoot\lib\javafx\bin\api-ms-win-core-errorhandling-l1-1-0.dll
0x000002127b840000 - 0x000002127b844000 	C:\Program Files\Greenfoot\lib\javafx\bin\api-ms-win-core-file-l1-1-0.dll
0x000002127b850000 - 0x000002127b853000 	C:\Program Files\Greenfoot\lib\javafx\bin\api-ms-win-core-file-l1-2-0.dll
0x000002127b860000 - 0x000002127b863000 	C:\Program Files\Greenfoot\lib\javafx\bin\api-ms-win-core-file-l2-1-0.dll
0x000002127b870000 - 0x000002127b873000 	C:\Program Files\Greenfoot\lib\javafx\bin\api-ms-win-core-handle-l1-1-0.dll
0x000002127b880000 - 0x000002127b883000 	C:\Program Files\Greenfoot\lib\javafx\bin\api-ms-win-core-heap-l1-1-0.dll
0x000002127b890000 - 0x000002127b893000 	C:\Program Files\Greenfoot\lib\javafx\bin\api-ms-win-core-interlocked-l1-1-0.dll
0x000002127d3a0000 - 0x000002127d3a3000 	C:\Program Files\Greenfoot\lib\javafx\bin\api-ms-win-core-libraryloader-l1-1-0.dll
0x000002127d3b0000 - 0x000002127d3b3000 	C:\Program Files\Greenfoot\lib\javafx\bin\api-ms-win-core-localization-l1-2-0.dll
0x000002127d3c0000 - 0x000002127d3c3000 	C:\Program Files\Greenfoot\lib\javafx\bin\api-ms-win-core-memory-l1-1-0.dll
0x000002127d3d0000 - 0x000002127d3d3000 	C:\Program Files\Greenfoot\lib\javafx\bin\api-ms-win-core-namedpipe-l1-1-0.dll
0x000002127d3e0000 - 0x000002127d3e3000 	C:\Program Files\Greenfoot\lib\javafx\bin\api-ms-win-core-processenvironment-l1-1-0.dll
0x000002127d3f0000 - 0x000002127d3f3000 	C:\Program Files\Greenfoot\lib\javafx\bin\api-ms-win-core-processthreads-l1-1-0.dll
0x000002127d400000 - 0x000002127d403000 	C:\Program Files\Greenfoot\lib\javafx\bin\api-ms-win-core-processthreads-l1-1-1.dll
0x000002127d410000 - 0x000002127d413000 	C:\Program Files\Greenfoot\lib\javafx\bin\api-ms-win-core-profile-l1-1-0.dll
0x000002127d420000 - 0x000002127d423000 	C:\Program Files\Greenfoot\lib\javafx\bin\api-ms-win-core-rtlsupport-l1-1-0.dll
0x000002127d430000 - 0x000002127d433000 	C:\Program Files\Greenfoot\lib\javafx\bin\api-ms-win-core-string-l1-1-0.dll
0x000002127d440000 - 0x000002127d443000 	C:\Program Files\Greenfoot\lib\javafx\bin\api-ms-win-core-synch-l1-1-0.dll
0x000002127d450000 - 0x000002127d453000 	C:\Program Files\Greenfoot\lib\javafx\bin\api-ms-win-core-synch-l1-2-0.dll
0x000002127d460000 - 0x000002127d463000 	C:\Program Files\Greenfoot\lib\javafx\bin\api-ms-win-core-sysinfo-l1-1-0.dll
0x000002127d470000 - 0x000002127d473000 	C:\Program Files\Greenfoot\lib\javafx\bin\api-ms-win-core-timezone-l1-1-0.dll
0x000002127d480000 - 0x000002127d483000 	C:\Program Files\Greenfoot\lib\javafx\bin\api-ms-win-core-util-l1-1-0.dll
0x000002127d490000 - 0x000002127d493000 	C:\Program Files\Greenfoot\lib\javafx\bin\api-ms-win-crt-conio-l1-1-0.dll
0x000002127d4a0000 - 0x000002127d4a4000 	C:\Program Files\Greenfoot\lib\javafx\bin\api-ms-win-crt-convert-l1-1-0.dll
0x000002127d4b0000 - 0x000002127d4b3000 	C:\Program Files\Greenfoot\lib\javafx\bin\api-ms-win-crt-environment-l1-1-0.dll
0x000002127d4c0000 - 0x000002127d4c3000 	C:\Program Files\Greenfoot\lib\javafx\bin\api-ms-win-crt-filesystem-l1-1-0.dll
0x000002127d4d0000 - 0x000002127d4d3000 	C:\Program Files\Greenfoot\lib\javafx\bin\api-ms-win-crt-heap-l1-1-0.dll
0x000002127d4e0000 - 0x000002127d4e3000 	C:\Program Files\Greenfoot\lib\javafx\bin\api-ms-win-crt-locale-l1-1-0.dll
0x000002127d4f0000 - 0x000002127d4f5000 	C:\Program Files\Greenfoot\lib\javafx\bin\api-ms-win-crt-math-l1-1-0.dll
0x000002127d500000 - 0x000002127d505000 	C:\Program Files\Greenfoot\lib\javafx\bin\api-ms-win-crt-multibyte-l1-1-0.dll
0x000002127d510000 - 0x000002127d520000 	C:\Program Files\Greenfoot\lib\javafx\bin\api-ms-win-crt-private-l1-1-0.dll
0x000002127d520000 - 0x000002127d523000 	C:\Program Files\Greenfoot\lib\javafx\bin\api-ms-win-crt-process-l1-1-0.dll
0x000002127d530000 - 0x000002127d534000 	C:\Program Files\Greenfoot\lib\javafx\bin\api-ms-win-crt-runtime-l1-1-0.dll
0x000002127d540000 - 0x000002127d544000 	C:\Program Files\Greenfoot\lib\javafx\bin\api-ms-win-crt-stdio-l1-1-0.dll
0x000002127d550000 - 0x000002127d554000 	C:\Program Files\Greenfoot\lib\javafx\bin\api-ms-win-crt-string-l1-1-0.dll
0x000002127d560000 - 0x000002127d563000 	C:\Program Files\Greenfoot\lib\javafx\bin\api-ms-win-crt-time-l1-1-0.dll
0x000002127d570000 - 0x000002127d573000 	C:\Program Files\Greenfoot\lib\javafx\bin\api-ms-win-crt-utility-l1-1-0.dll
0x00007ff907e90000 - 0x00007ff907f8c000 	C:\Program Files\Greenfoot\lib\javafx\bin\ucrtbase.dll
0x00007ff917010000 - 0x00007ff917025000 	C:\Program Files\Greenfoot\lib\javafx\bin\vcruntime140.dll
0x00007ff90ac40000 - 0x00007ff90ac4c000 	C:\Windows\System32\vcruntime140_1.dll
0x00007ff909c40000 - 0x00007ff909cdb000 	C:\Program Files\Greenfoot\lib\javafx\bin\msvcp140.dll
0x00007ff916f30000 - 0x00007ff916f53000 	C:\Program Files\Greenfoot\lib\javafx\bin\prism_d3d.dll
0x00007ff8ebb80000 - 0x00007ff8ebd1e000 	C:\Windows\system32\d3d9.dll
0x00007ff8e7d60000 - 0x00007ff8ea29d000 	C:\Windows\SYSTEM32\igdumdim64.dll
0x00007ff929030000 - 0x00007ff9294a5000 	C:\Windows\System32\SETUPAPI.dll
0x00007ff90e920000 - 0x00007ff90e965000 	C:\Program Files\Greenfoot\lib\javafx\bin\glass.dll
0x00007ff928d90000 - 0x00007ff928eb7000 	C:\Windows\System32\COMDLG32.dll
0x00007ff91a660000 - 0x00007ff91b09f000 	C:\Windows\SYSTEM32\igdusc64.dll

dbghelp: loaded successfully - version: 4.0.5 - missing functions: none
symbol engine: initialized successfully - sym options: 0x614 - pdb path: .;C:\Program Files\Greenfoot\jdk\bin;C:\Windows\SYSTEM32;C:\Windows\WinSxS\amd64_microsoft.windows.common-controls_6595b64144ccf1df_6.0.17763.1_none_f040600eff408c2d;C:\Program Files\Greenfoot\jdk\bin\server;C:\Program Files\Greenfoot\lib\javafx\bin

VM Arguments:
jvm_args: -XX:MaxGCPauseMillis=50 -agentlib:jdwp=transport=dt_shmem,address=javadebug -Dfile.encoding=UTF-8 
java_command: bluej.runtime.ExecServer UTF-8
java_class_path (initial): C:\Program Files\Greenfoot\lib\greenfoot.jar;C:\Program Files\Greenfoot\lib\bluejcore.jar;C:\Program Files\Greenfoot\lib\bluejeditor.jar;C:\Program Files\Greenfoot\lib\bluejext2.jar;C:\Program Files\Greenfoot\lib\junit-jupiter-5.5.2.jar;C:\Program Files\Greenfoot\lib\junit-jupiter-api-5.5.2.jar;C:\Program Files\Greenfoot\lib\junit-jupiter-engine-5.5.2.jar;C:\Program Files\Greenfoot\lib\junit-jupiter-migrationsupport-5.5.2.jar;C:\Program Files\Greenfoot\lib\junit-jupiter-params-5.5.2.jar;C:\Program Files\Greenfoot\lib\junit-platform-commons-1.5.2.jar;C:\Program Files\Greenfoot\lib\junit-platform-console-1.5.2.jar;C:\Program Files\Greenfoot\lib\junit-platform-console-standalone-1.5.2.jar;C:\Program Files\Greenfoot\lib\junit-platform-engine-1.5.2.jar;C:\Program Files\Greenfoot\lib\junit-platform-launcher-1.5.2.jar;C:\Program Files\Greenfoot\lib\junit-platform-reporting-1.5.2.jar;C:\Program Files\Greenfoot\lib\junit-platform-runner-1.5.2.jar;C:\Program Files\Greenfoot\lib\junit-platform-suite-api-1.5.2.jar;C:\Program Files\Greenfoot\lib\junit-platform-testkit-1.5.2.jar;C:\Program Files\Greenfoot\lib\junit-quickcheck-core-0.9.jar;C:\Program Files\Greenfoot\lib\junit-vintage-engine-5.5.2.jar;C:\Program Files\Greenfoot\lib\hamcrest-core-1.3.jar;C:\Program Files\Greenfoot\lib\bluej.jar;C:\Program Files\Greenfoot\lib\classgraph-4.8.90.jar;C:\Program Files\Greenfoot\lib\diffutils-1.2.1.jar;C:\Program Files\Greenfoot\lib\commons-logging-api-1.1.2.jar;C:\Program Files\Greenfoot\lib\jl1.0.1.jar;C:\Program Files\Greenfoot\lib\opencsv-2.3.jar;C:\Program Files\Greenfoot\lib\xom-1.3.7.jar;C:\Program Files\Greenfoot\lib\lang-stride.jar;C:\Program Files\Greenfoot\lib\nsmenufx-2.1.8.jar;C:\Program Files\Greenfoot\lib\wellbehavedfx-0.3.3.jar;C:\Program Files\Greenfoot\lib\guava-17.0.jar;C:\Program Files\Greenfoot\lib\httpclient-4.1.1.jar;C:\Program Files\Greenfoot\lib\httpcore-4.1.jar;C:\Program Files\Greenfoot\lib\httpmime-4.1.1.jar;C:\Program Files\Greenfo
Launcher Type: SUN_STANDARD

[Global flags]
     intx CICompilerCount                          = 3                                         {product} {ergonomic}
     uint ConcGCThreads                            = 1                                         {product} {ergonomic}
     uint G1ConcRefinementThreads                  = 4                                         {product} {ergonomic}
   size_t G1HeapRegionSize                         = 1048576                                   {product} {ergonomic}
    uintx GCDrainStackTargetSize                   = 64                                        {product} {ergonomic}
   size_t InitialHeapSize                          = 134217728                                 {product} {ergonomic}
   size_t MarkStackSize                            = 4194304                                   {product} {ergonomic}
    uintx MaxGCPauseMillis                         = 50                                        {product} {command line}
   size_t MaxHeapSize                              = 2122317824                                {product} {ergonomic}
   size_t MaxNewSize                               = 1272971264                                {product} {ergonomic}
   size_t MinHeapDeltaBytes                        = 1048576                                   {product} {ergonomic}
    uintx NonNMethodCodeHeapSize                   = 5830732                                {pd product} {ergonomic}
    uintx NonProfiledCodeHeapSize                  = 122913754                              {pd product} {ergonomic}
    uintx ProfiledCodeHeapSize                     = 122913754                              {pd product} {ergonomic}
    uintx ReservedCodeCacheSize                    = 251658240                              {pd product} {ergonomic}
     bool SegmentedCodeCache                       = true                                      {product} {ergonomic}
     bool UseCompressedClassPointers               = true                                 {lp64_product} {ergonomic}
     bool UseCompressedOops                        = true                                 {lp64_product} {ergonomic}
     bool UseG1GC                                  = true                                      {product} {ergonomic}
     bool UseLargePagesIndividualAllocation        = false                                  {pd product} {ergonomic}

Logging:
Log output configuration:
 #0: stdout all=warning uptime,level,tags
 #1: stderr all=off uptime,level,tags

Environment Variables:
JAVA_HOME=C:\Program Files\Java\jdk-19
PATH=C:\Program Files\Common Files\Oracle\Java\javapath;C:\Windows\system32;C:\Windows;C:\Windows\System32\Wbem;C:\Windows\System32\WindowsPowerShell\v1.0\;C:\Windows\System32\OpenSSH\;C:\Program Files (x86)\NVIDIA Corporation\PhysX\Common;C:\Program Files\Git\cmd;C:\Program Files\Maven\apache-maven-3.9.1\bin;%JAVA_HOME%\bin;C:\Users\DIEGO\AppData\Local\Programs\Python\Python311\Scripts\;C:\Users\DIEGO\AppData\Local\Programs\Python\Python311\;C:\Users\DIEGO\AppData\Local\Microsoft\WindowsApps;;C:\Users\DIEGO\AppData\Local\Programs\Microsoft VS Code\bin;C:\Program Files\JetBrains\IntelliJ IDEA 2022.3.2\bin;
USERNAME=DIEGO
OS=Windows_NT
PROCESSOR_IDENTIFIER=Intel64 Family 6 Model 69 Stepping 1, GenuineIntel



---------------  S Y S T E M  ---------------

OS: Windows 10 , 64 bit Build 17763 (10.0.17763.1)
OS uptime: 3 days 10:39 hours

CPU:total 4 (initial active 4) (2 cores per cpu, 2 threads per core) family 6 model 69 stepping 1 microcode 0x23, cmov, cx8, fxsr, mmx, sse, sse2, sse3, ssse3, sse4.1, sse4.2, popcnt, avx, avx2, aes, clmul, erms, lzcnt, ht, tsc, tscinvbit, bmi1, bmi2, fma

Memory: 4k page, system-wide physical 8088M (1778M free)
TotalPageFile size 11160M (AvailPageFile size 313M)
current process WorkingSet (physical memory assigned to process): 345M, peak: 345M
current process commit charge ("private bytes"): 509M, peak: 512M

vm_info: OpenJDK 64-Bit Server VM (11.0.14.1+1) for windows-amd64 JRE (11.0.14.1+1), built on Feb  9 2022 01:48:27 by "" with unknown MS VC++:1916

END.
